/Library/Java/JavaVirtualMachines/jdk1.8.0_20.jdk/Contents/Home/bin/java -agentlib:jdwp=transport=dt_socket,address=127.0.0.1:64262,suspend=y,server=n -Dfile.encoding=GBK -javaagent:/Users/liangwei/Library/Caches/IntelliJIdea15/groovyHotSwap/gragent.jar -classpath "/Library/Java/JavaVirtualMachines/jdk1.8.0_20.jdk/Contents/Home/jre/lib/charsets.jar:/Library/Java/JavaVirtualMachines/jdk1.8.0_20.jdk/Contents/Home/jre/lib/deploy.jar:/Library/Java/JavaVirtualMachines/jdk1.8.0_20.jdk/Contents/Home/jre/lib/ext/cldrdata.jar:/Library/Java/JavaVirtualMachines/jdk1.8.0_20.jdk/Contents/Home/jre/lib/ext/dnsns.jar:/Library/Java/JavaVirtualMachines/jdk1.8.0_20.jdk/Contents/Home/jre/lib/ext/jfxrt.jar:/Library/Java/JavaVirtualMachines/jdk1.8.0_20.jdk/Contents/Home/jre/lib/ext/localedata.jar:/Library/Java/JavaVirtualMachines/jdk1.8.0_20.jdk/Contents/Home/jre/lib/ext/nashorn.jar:/Library/Java/JavaVirtualMachines/jdk1.8.0_20.jdk/Contents/Home/jre/lib/ext/sunec.jar:/Library/Java/JavaVirtualMachines/jdk1.8.0_20.jdk/Contents/Home/jre/lib/ext/sunjce_provider.jar:/Library/Java/JavaVirtualMachines/jdk1.8.0_20.jdk/Contents/Home/jre/lib/ext/sunpkcs11.jar:/Library/Java/JavaVirtualMachines/jdk1.8.0_20.jdk/Contents/Home/jre/lib/ext/zipfs.jar:/Library/Java/JavaVirtualMachines/jdk1.8.0_20.jdk/Contents/Home/jre/lib/javaws.jar:/Library/Java/JavaVirtualMachines/jdk1.8.0_20.jdk/Contents/Home/jre/lib/jce.jar:/Library/Java/JavaVirtualMachines/jdk1.8.0_20.jdk/Contents/Home/jre/lib/jfr.jar:/Library/Java/JavaVirtualMachines/jdk1.8.0_20.jdk/Contents/Home/jre/lib/jfxswt.jar:/Library/Java/JavaVirtualMachines/jdk1.8.0_20.jdk/Contents/Home/jre/lib/jsse.jar:/Library/Java/JavaVirtualMachines/jdk1.8.0_20.jdk/Contents/Home/jre/lib/management-agent.jar:/Library/Java/JavaVirtualMachines/jdk1.8.0_20.jdk/Contents/Home/jre/lib/plugin.jar:/Library/Java/JavaVirtualMachines/jdk1.8.0_20.jdk/Contents/Home/jre/lib/resources.jar:/Library/Java/JavaVirtualMachines/jdk1.8.0_20.jdk/Contents/Home/jre/lib/rt.jar:/Library/Java/JavaVirtualMachines/jdk1.8.0_20.jdk/Contents/Home/lib/ant-javafx.jar:/Library/Java/JavaVirtualMachines/jdk1.8.0_20.jdk/Contents/Home/lib/dt.jar:/Library/Java/JavaVirtualMachines/jdk1.8.0_20.jdk/Contents/Home/lib/javafx-mx.jar:/Library/Java/JavaVirtualMachines/jdk1.8.0_20.jdk/Contents/Home/lib/jconsole.jar:/Library/Java/JavaVirtualMachines/jdk1.8.0_20.jdk/Contents/Home/lib/sa-jdi.jar:/Library/Java/JavaVirtualMachines/jdk1.8.0_20.jdk/Contents/Home/lib/tools.jar:/Volumes/d/MirServer-Netty/MockClient/build/classes/main:/Volumes/d/MirServer-Netty/MockClient/build/resources/main:/Users/liangwei/.gradle/caches/modules-2/files-2.1/io.netty/netty-all/5.0.0.Alpha2/9870d1ff5e71352077776a255f9d1494486af16/netty-all-5.0.0.Alpha2.jar:/Volumes/d/MirServer-Netty/Core/build/classes/main:/Volumes/d/MirServer-Netty/Core/build/resources/main:/Volumes/d/MirServer-Netty/DB/build/classes/main:/Volumes/d/MirServer-Netty/DB/build/resources/main:/Users/liangwei/.gradle/caches/modules-2/files-2.1/com.h2database/h2/1.4.191/dec3540178ea889b2871b0ed56db14bbec9cfdfc/h2-1.4.191.jar:/Users/liangwei/.gradle/caches/modules-2/files-2.1/org.hibernate/hibernate-core/5.1.0.Final/1b5ac619df76cfd67222ca7cddcee6b0a5db8d0c/hibernate-core-5.1.0.Final.jar:/Users/liangwei/.gradle/caches/modules-2/files-2.1/org.jboss.logging/jboss-logging/3.3.0.Final/3616bb87707910296e2c195dc016287080bba5af/jboss-logging-3.3.0.Final.jar:/Users/liangwei/.gradle/caches/modules-2/files-2.1/org.hibernate.javax.persistence/hibernate-jpa-2.1-api/1.0.0.Final/5e731d961297e5a07290bfaf3db1fbc8bbbf405a/hibernate-jpa-2.1-api-1.0.0.Final.jar:/Users/liangwei/.gradle/caches/modules-2/files-2.1/org.javassist/javassist/3.20.0-GA/a9cbcdfb7e9f86fbc74d3afae65f2248bfbf82a0/javassist-3.20.0-GA.jar:/Users/liangwei/.gradle/caches/modules-2/files-2.1/antlr/antlr/2.7.7/83cd2cd674a217ade95a4bb83a8a14f351f48bd0/antlr-2.7.7.jar:/Users/liangwei/.gradle/caches/modules-2/files-2.1/org.apache.geronimo.specs/geronimo-jta_1.1_spec/1.1.1/aabab3165b8ea936b9360abbf448459c0d04a5a4/geronimo-jta_1.1_spec-1.1.1.jar:/Users/liangwei/.gradle/caches/modules-2/files-2.1/org.jboss/jandex/2.0.0.Final/3e899258936f94649c777193e1be846387ed54b3/jandex-2.0.0.Final.jar:/Users/liangwei/.gradle/caches/modules-2/files-2.1/com.fasterxml/classmate/1.3.0/183407ff982e9375f1a1c4a51ed0a9307c598fc7/classmate-1.3.0.jar:/Users/liangwei/.gradle/caches/modules-2/files-2.1/dom4j/dom4j/1.6.1/5d3ccc056b6f056dbf0dddfdf43894b9065a8f94/dom4j-1.6.1.jar:/Users/liangwei/.gradle/caches/modules-2/files-2.1/org.hibernate.common/hibernate-commons-annotations/5.0.1.Final/71e1cff3fcb20d3b3af4f3363c3ddb24d33c6879/hibernate-commons-annotations-5.0.1.Final.jar:/Users/liangwei/.gradle/caches/modules-2/files-2.1/xml-apis/xml-apis/1.0.b2/3136ca936f64c9d68529f048c2618bd356bf85c9/xml-apis-1.0.b2.jar:/Users/liangwei/.gradle/caches/modules-2/files-2.1/com.alibaba/fastjson/1.2.4/fbcf8415e32859b473b336e5ac6422ee69b1185b/fastjson-1.2.4.jar:/Users/liangwei/.gradle/caches/modules-2/files-2.1/org.apache.logging.log4j/log4j-api/2.5/e7fd981408caba8a0c0fb276413562468d260160/log4j-api-2.5.jar:/Users/liangwei/.gradle/caches/modules-2/files-2.1/org.apache.logging.log4j/log4j-core/2.5/7ed845de1dfe070d43511fab321784e6c4118398/log4j-core-2.5.jar:/Users/liangwei/.gradle/caches/modules-2/files-2.1/org.apache.logging.log4j/log4j-slf4j-impl/2.5/d1e34a4525e08873703fdaad6c6284f944f8ca8f/log4j-slf4j-impl-2.5.jar:/Users/liangwei/.gradle/caches/modules-2/files-2.1/org.slf4j/slf4j-api/1.7.12/8e20852d05222dc286bf1c71d78d0531e177c317/slf4j-api-1.7.12.jar:/Volumes/d/MirServer-Netty/LoginServer/build/classes/main:/Volumes/d/MirServer-Netty/LoginServer/build/resources/main:/Volumes/d/MirServer-Netty/GameServer/build/classes/main:/Volumes/d/MirServer-Netty/GameServer/build/resources/main:/Applications/IntelliJ IDEA 15.app/Contents/lib/idea_rt.jar" com.zhaoxiaodan.mirserver.mockclient.MockClient
objc[69366]: Class JavaLaunchHelper is implemented in both /Library/Java/JavaVirtualMachines/jdk1.8.0_20.jdk/Contents/Home/bin/java and /Library/Java/JavaVirtualMachines/jdk1.8.0_20.jdk/Contents/Home/jre/lib/libinstrument.dylib. One of the two will be used. Which one is undefined.
Connected to the target VM, address: '127.0.0.1:64262', transport: 'socket'
Protocol id 6 exsit by GM_SERVERUSERINDEX
Protocol id 20 exsit by GM_TEST
Protocol id 100 exsit by CM_QUERYCHR
Protocol id 101 exsit by CM_NEWCHR
Protocol id 102 exsit by CM_DELCHR
Protocol id 103 exsit by CM_SELCHR
Protocol id 104 exsit by CM_SELECTSERVER
Protocol id 100 exsit by CM_QUERYCHR
Protocol id 101 exsit by CM_NEWCHR
Protocol id 1100 exsit by SM_OPENHEALTH
Protocol id 1101 exsit by SM_CLOSEHEALTH
Protocol id 1500 exsit by SM_ITEMUPDATE
Protocol id 1501 exsit by SM_MONSTERSAY
Protocol id 2000 exsit by CM_PROTOCOL
16:28:07.889 [nioEventLoopGroup-0-1] INFO  io.netty.handler.logging.LoggingHandler - [id: 0xa0bcccc4, /192.168.0.166:64393 => /222.187.225.55:7000] WRITE: Login:{"cmdIndex":0,"p1":0,"p2":0,"p3":0,"protocol":"CM_IDPASSWORD","recog":0,"user":{"certification":0,"id":0,"loginId":"liang1","password":"liang1","username":"pangliang"}}
16:28:08.008 [nioEventLoopGroup-0-0] INFO  io.netty.handler.logging.LoggingHandler - [id: 0xa0bcccc4, /192.168.0.166:64393 => /222.187.225.55:7000] RECEIVED: 73B
         +-------------------------------------------------+
         |  0  1  2  3  4  5  6  7  8  9  a  b  c  d  e  f |
+--------+-------------------------------------------------+----------------+
|00000000| 23 3c 3c 3c 3c 3c 3d 40 3e 3c 3c 3c 3c 3c 3c 48 |#<<<<<=@><<<<<<H|
|00000010| 3c 75 4a 6f 44 79 79 57 4c 68 5a 4c 6b 48 4e 7a |<uJoDyyWLhZLkHNz|
|00000020| 75 65 67 5b 6e 6c 7b 5b 4c 6d 79 46 77 6d 7b 5c |ueg[nl{[LmyFwm{\|
|00000030| 6b 48 3e 7b 48 72 48 77 6d 70 46 43 43 6b 79 46 |kH>{HrHwmpFCCkyF|
|00000040| 77 6d 7b 5c 6b 48 3e 78 21                      |wm{\kH>x!       |
+--------+-------------------------------------------------+----------------+
16:28:08.009 [nioEventLoopGroup-0-0] INFO  io.netty.handler.logging.LoggingHandler - [id: 0xa0bcccc4, /192.168.0.166:64393 => /222.187.225.55:7000] RECEIVED: 71B
         +-------------------------------------------------+
         |  0  1  2  3  4  5  6  7  8  9  a  b  c  d  e  f |
+--------+-------------------------------------------------+----------------+
|00000000| 00 00 00 00 11 02 00 00 00 00 00 00 00 03 00 e4 |................|
|00000010| ec c8 f7 d6 d0 b1 e4 2f 31 2f b9 a6 b7 f2 c3 f7 |......./1/......|
|00000020| d0 c7 d2 bb c7 f8 2f 30 2f cc d8 ce f1 d0 a1 c7 |....../0/.......|
|00000030| bf d2 bb c7 f8 2f 30 2f 00 00 00 00 00 00 00 00 |...../0/........|
|00000040| 00 00 00 00 00 00 00                            |.......         |
+--------+-------------------------------------------------+----------------+
16:28:08.021 [nioEventLoopGroup-0-0] INFO  io.netty.handler.logging.LoggingHandler - [id: 0xa0bcccc4, /192.168.0.166:64393 => /222.187.225.55:7000] RECEIVED: LoginSuccSelectServer:{"p1":0,"p2":0,"p3":0,"protocol":"SM_PASSOK_SELECTSERVER","recog":0,"serverInfoList":[{"id":1,"name":"\u0000\u0003\u0000潇洒中变","port":0},{"id":0,"name":"功夫明星一区","port":0},{"id":0,"name":"特务小强一区","port":0}]}

16:28:09.792 [nioEventLoopGroup-0-0] INFO  io.netty.handler.logging.LoggingHandler - [id: 0xa0bcccc4, /192.168.0.166:64393 => /222.187.225.55:7000] WRITE: SelectServer:{"cmdIndex":1,"p1":0,"p2":0,"p3":0,"protocol":"CM_SELECTSERVER","recog":0,"serverName":"功夫明星一区"}
16:28:09.852 [nioEventLoopGroup-0-0] INFO  io.netty.handler.logging.LoggingHandler - [id: 0xa0bcccc4, /192.168.0.166:64393 => /222.187.225.55:7000] RECEIVED: 50B
         +-------------------------------------------------+
         |  0  1  2  3  4  5  6  7  8  9  a  b  c  d  e  f |
+--------+-------------------------------------------------+----------------+
|00000000| 23 6b 4c 64 3c 3c 3d 44 3e 3c 3c 3c 3c 3c 3c 3c |#kLd<<=D><<<<<<<|
|00000010| 3c 48 5f 44 6e 47 5f 40 74 49 6e 74 6e 48 5f 50 |<H_DnG_@tIntnH_P|
|00000020| 6a 49 4f 50 6b 49 6f 40 6c 48 3e 78 6e 49 6f 4c |jIOPkIo@lH>xnIoL|
|00000030| 75 21                                           |u!              |
+--------+-------------------------------------------------+----------------+
16:28:09.853 [nioEventLoopGroup-0-0] INFO  io.netty.handler.logging.LoggingHandler - [id: 0xa0bcccc4, /192.168.0.166:64393 => /222.187.225.55:7000] RECEIVED: 48B
         +-------------------------------------------------+
         |  0  1  2  3  4  5  6  7  8  9  a  b  c  d  e  f |
+--------+-------------------------------------------------+----------------+
|00000000| bd 0a 00 00 12 02 00 00 00 00 00 00 00 00 00 32 |...............2|
|00000010| 32 32 2e 31 38 37 2e 32 32 35 2e 35 35 2f 37 31 |22.187.225.55/71|
|00000020| 30 30 2f 32 37 34 39 00 00 00 00 00 00 00 00 00 |00/2749.........|
+--------+-------------------------------------------------+----------------+
16:28:09.857 [nioEventLoopGroup-0-0] INFO  io.netty.handler.logging.LoggingHandler - [id: 0xa0bcccc4, /192.168.0.166:64393 => /222.187.225.55:7000] RECEIVED: Packet:{"p1":0,"p2":0,"p3":0,"protocol":"SM_SELECTSERVER_OK","recog":2749}

16:28:11.625 [nioEventLoopGroup-0-2] INFO  io.netty.handler.logging.LoggingHandler - [id: 0x06fda09d, /192.168.0.166:64653 => /222.187.225.55:7100] WRITE: QueryCharacter:{"cert":2749,"cmdIndex":2,"loginId":"liang1","p1":0,"p2":0,"p3":0,"protocol":"CM_QUERYCHR","recog":0}
16:28:11.678 [nioEventLoopGroup-0-2] INFO  io.netty.handler.logging.LoggingHandler - [id: 0x06fda09d, /192.168.0.166:64653 => /222.187.225.55:7100] RECEIVED: 45B
         +-------------------------------------------------+
         |  0  1  2  3  4  5  6  7  8  9  a  b  c  d  e  f |
+--------+-------------------------------------------------+----------------+
|00000000| 23 3c 4c 3c 3c 3c 3c 5c 3e 3c 3c 3c 3d 3c 3c 3c |#<L<<<<\><<<=<<<|
|00000010| 3c 46 63 3d 5d 57 62 59 68 56 52 41 6a 55 6e 78 |<Fc=]WbYhVRAjUnx|
|00000020| 6c 47 6f 44 6b 48 6f 3c 6b 48 3e 78 21          |lGoDkHo<kH>x!   |
+--------+-------------------------------------------------+----------------+
16:28:11.679 [nioEventLoopGroup-0-2] INFO  io.netty.handler.logging.LoggingHandler - [id: 0x06fda09d, /192.168.0.166:64653 => /222.187.225.55:7100] RECEIVED: 43B
         +-------------------------------------------------+
         |  0  1  2  3  4  5  6  7  8  9  a  b  c  d  e  f |
+--------+-------------------------------------------------+----------------+
|00000000| 01 00 00 00 08 02 00 00 01 00 00 00 00 00 00 2a |...............*|
|00000010| 70 61 6e 67 6c 69 61 6e 67 2f 30 2f 32 2f 33 30 |pangliang/0/2/30|
|00000020| 2f 30 2f 00 00 00 00 00 00 00 00                |/0/........     |
+--------+-------------------------------------------------+----------------+
16:28:11.680 [nioEventLoopGroup-0-2] INFO  io.netty.handler.logging.LoggingHandler - [id: 0x06fda09d, /192.168.0.166:64653 => /222.187.225.55:7100] RECEIVED: Packet:{"p1":0,"p2":1,"p3":0,"protocol":"SM_QUERYCHR","recog":1}

16:28:13.154 [nioEventLoopGroup-0-2] INFO  io.netty.handler.logging.LoggingHandler - [id: 0x06fda09d, /192.168.0.166:64653 => /222.187.225.55:7100] WRITE: SelectCharacter:{"characterName":"pangliang","cmdIndex":3,"loginId":"liang1","p1":0,"p2":0,"p3":0,"protocol":"CM_SELCHR","recog":0}
16:28:13.209 [nioEventLoopGroup-0-2] INFO  io.netty.handler.logging.LoggingHandler - [id: 0x06fda09d, /192.168.0.166:64653 => /222.187.225.55:7100] RECEIVED: 44B
         +-------------------------------------------------+
         |  0  1  2  3  4  5  6  7  8  9  a  b  c  d  e  f |
+--------+-------------------------------------------------+----------------+
|00000000| 23 3c 3c 3c 3c 3c 3c 70 3e 3c 3c 3c 3c 3c 3c 3c |#<<<<<<p><<<<<<<|
|00000010| 3c 48 5f 44 6e 47 5f 40 74 49 6e 74 6e 48 5f 50 |<H_DnG_@tIntnH_P|
|00000020| 6a 49 4f 50 6b 49 6f 44 6c 48 3c 21             |jIOPkIoDlH<!    |
+--------+-------------------------------------------------+----------------+
16:28:13.209 [nioEventLoopGroup-0-2] INFO  io.netty.handler.logging.LoggingHandler - [id: 0x06fda09d, /192.168.0.166:64653 => /222.187.225.55:7100] RECEIVED: 42B
         +-------------------------------------------------+
         |  0  1  2  3  4  5  6  7  8  9  a  b  c  d  e  f |
+--------+-------------------------------------------------+----------------+
|00000000| 00 00 00 00 0d 02 00 00 00 00 00 00 00 00 00 32 |...............2|
|00000010| 32 32 2e 31 38 37 2e 32 32 35 2e 35 35 2f 37 32 |22.187.225.55/72|
|00000020| 30 30 00 00 00 00 00 00 00 00                   |00........      |
+--------+-------------------------------------------------+----------------+
16:28:13.210 [nioEventLoopGroup-0-2] INFO  io.netty.handler.logging.LoggingHandler - [id: 0x06fda09d, /192.168.0.166:64653 => /222.187.225.55:7100] RECEIVED: Packet:{"p1":0,"p2":0,"p3":0,"protocol":"SM_STARTPLAY","recog":0}

16:28:14.822 [nioEventLoopGroup-0-1] INFO  io.netty.handler.logging.LoggingHandler - [id: 0x06837016, /192.168.0.166:64846 => /222.187.225.55:7200] WRITE: GameLogin:{"cert":2749,"characterName":"pangliang","clientVersion":"2020522","cmdIndex":4,"loginId":"liang1","p1":0,"p2":0,"p3":0,"protocol":"CM_QUERYUSERSTATE","recog":0}
16:28:15.696 [nioEventLoopGroup-0-1] INFO  io.netty.handler.logging.LoggingHandler - [id: 0x06837016, /192.168.0.166:64846 => /222.187.225.55:7200] RECEIVED: 1000B
         +-------------------------------------------------+
         |  0  1  2  3  4  5  6  7  8  9  a  b  c  d  e  f |
+--------+-------------------------------------------------+----------------+
|00000000| 23 70 3c 58 3c 3c 45 44 3e 3c 3c 3c 3c 3c 3c 3c |#p<X<<ED><<<<<<<|
|00000010| 3c 44 46 5d 54 66 41 4e 64 51 46 5d 50 66 41 4e |<DF]TfANdQF]PfAN|
|00000020| 64 51 46 5d 50 66 41 4e 64 51 46 5d 50 66 41 4e |dQF]PfANdQF]PfAN|
|00000030| 64 51 46 5d 50 66 41 4e 64 51 46 5d 50 66 41 68 |dQF]PfANdQF]PfAh|
|00000040| 5c 42 6e 3e 64 51 4e 3e 5f 68 66 4a 6c 64 77 42 |\Bn>dQN>_hfJldwB|
|00000050| 5f 69 68 4f 66 44 46 47 56 71 48 44 5c 44 3e 3c |_ihOfDFGVqHD\D><|
|00000060| 64 6c 5b 66 77 64 69 57 3d 71 7b 3c 65 44 46 5d |dl[fwdiW=q{<eDF]|
|00000070| 51 44 3d 68 5c 66 42 4e 64 51 46 5d 50 66 41 4e |QD=h\fBNdQF]PfAN|
|00000080| 64 51 46 5d 50 66 41 4e 64 51 46 5d 50 66 41 4e |dQF]PfANdQF]PfAN|
|00000090| 64 51 46 5d 50 66 41 4e 64 51 46 5d 50 66 41 4e |dQF]PfANdQF]PfAN|
|000000a0| 64 55 6e 3c 57 44 46 5d 51 44 49 57 51 6b 46 6b |dUn<WDF]QDIWQkFk|
|000000b0| 53 68 47 42 74 6e 46 6b 4f 70 47 42 68 44 3e 3c |ShGBtnFkOpGBhD><|
|000000c0| 5c 44 3e 5e 72 6c 47 6f 4e 71 69 3e 6d 75 3e 60 |\D>^rlGoNqi>mu>`|
|000000d0| 5c 66 41 50 5c 42 6e 3e 64 51 56 62 68 66 56 6e |\fAP\Bn>dQVbhfVn|
|000000e0| 65 67 46 62 68 66 56 6e 65 67 46 62 68 66 56 6e |egFbhfVnegFbhfVn|
|000000f0| 65 67 46 62 68 66 56 6e 65 67 46 62 68 66 56 6e |egFbhfVnegFbhfVn|
|00000100| 65 67 46 5d 51 44 3d 68 5c 66 41 52 5d 64 56 42 |egF]QD=h\fAR]dVB|
|00000110| 5d 64 56 42 5d 64 56 42 5d 64 56 42 5d 64 56 42 |]dVB]dVB]dVB]dVB|
|00000120| 5d 64 56 42 5d 64 56 42 5d 64 56 42 5d 64 56 42 |]dVB]dVB]dVB]dVB|
|00000130| 5d 64 56 42 64 51 4e 3c 57 44 46 5d 51 44 3e 3e |]dVBdQN<WDF]QD>>|
|00000140| 5d 76 46 5d 6d 64 59 3e 64 58 66 5d 6d 64 59 3e |]vF]mdY>dXf]mdY>|
|00000150| 64 58 67 6a 72 70 76 72 75 74 68 43 55 44 3e 3c |dXgjrpvruthCUD><|
|00000160| 5c 44 46 42 5d 66 41 50 5c 42 6e 3e 64 51 56 42 |\DFB]fAP\Bn>dQVB|
|00000170| 5d 64 56 42 5d 64 56 42 5d 64 56 42 5d 64 56 42 |]dVB]dVB]dVB]dVB|
|00000180| 5d 64 56 42 5d 64 56 42 5d 64 56 42 5d 64 56 42 |]dVB]dVB]dVB]dVB|
|00000190| 5d 64 56 42 5d 64 56 5d 51 44 3d 68 5c 66 41 50 |]dVB]dV]QD=h\fAP|
|000001a0| 5c 44 46 5d 71 66 45 3e 64 5c 46 5e 3c 66 44 76 |\DF]qfE>d\F^<fDv|
|000001b0| 5d 76 3e 3c 5c 44 3e 3c 5c 44 3e 3c 5c 44 3e 3c |]v><\D><\D><\D><|
|000001c0| 5c 44 3e 3c 5c 44 3e 3e 64 51 4e 3c 57 44 46 5d |\D><\D>>dQN<WDF]|
|000001d0| 51 44 46 57 6e 6f 4a 7a 62 78 68 6f 6b 6f 4a 79 |QDFWnoJzbxhokoJy|
|000001e0| 78 44 46 5d 70 47 4e 70 69 47 4e 70 69 47 4e 70 |xDF]pGNpiGNpiGNp|
|000001f0| 69 47 4e 70 69 47 56 42 5d 66 41 50 5c 42 6e 3e |iGNpiGVB]fAP\Bn>|
|00000200| 64 51 4e 3e 64 58 46 5d 6c 66 43 3e 64 58 46 5d |dQN>dXF]lfC>dXF]|
|00000210| 6c 66 43 3e 64 58 46 5d 6c 66 43 3e 64 58 46 5d |lfC>dXF]lfC>dXF]|
|00000220| 6c 66 43 3e 64 58 3e 3e 5d 64 56 5d 51 44 3d 68 |lfC>dX>>]dV]QD=h|
|00000230| 5c 66 41 52 65 67 46 62 68 66 56 6e 65 67 46 62 |\fARegFbhfVnegFb|
|00000240| 68 66 56 6e 65 67 46 62 68 66 56 6e 65 67 46 62 |hfVnegFbhfVnegFb|
|00000250| 68 66 56 6e 65 67 46 62 68 66 56 6e 64 51 4e 3c |hfVnegFbhfVndQN<|
|00000260| 57 44 46 5d 51 64 56 42 5d 64 4e 3c 5c 44 3e 3c |WDF]QdVB]dN<\D><|
|00000270| 5c 6b 6b 5e 72 71 47 62 67 6d 67 72 75 66 79 53 |\kk^rqGbgmgrufyS|
|00000280| 79 64 56 42 5d 64 56 42 5d 44 3e 3c 5c 66 41 50 |ydVB]dVB]D><\fAP|
|00000290| 5c 42 6e 3e 64 51 56 42 5d 44 3e 3c 5c 44 3e 3c |\Bn>dQVB]D><\D><|
|000002a0| 5c 44 47 4a 60 6d 69 67 4a 6e 47 56 64 6b 76 66 |\DGJ`migJnGVdkvf|
|000002b0| 73 6d 56 42 5d 64 56 42 5d 64 4e 3c 5c 44 46 5d |smVB]dVB]dN<\DF]|
|000002c0| 51 44 3d 68 5c 66 41 52 5d 64 56 42 5d 44 3e 3c |QD=h\fAR]dVB]D><|
|000002d0| 5c 44 3e 3f 45 64 68 5f 47 6b 46 4f 43 76 57 6b |\D>?Edh_GkFOCvWk|
|000002e0| 6c 68 56 62 5d 64 56 42 5d 64 56 42 5d 64 4e 3e |lhVb]dVB]dVB]dN>|
|000002f0| 64 51 4e 3c 57 44 46 5d 51 66 56 6e 65 67 46 62 |dQN<WDF]QfVnegFb|
|00000300| 68 66 56 6e 65 67 46 62 68 66 56 6e 65 67 46 62 |hfVnegFbhfVnegFb|
|00000310| 68 66 56 6e 65 67 46 62 68 66 56 6e 65 67 46 62 |hfVnegFbhfVnegFb|
|00000320| 68 66 41 50 5c 42 6e 3e 64 51 4e 3c 5c 44 47 63 |hfAP\Bn>dQN<\DGc|
|00000330| 55 69 77 73 49 7a 49 52 7a 44 43 59 73 59 6e 74 |UiwsIzIRzDCYsYnt|
|00000340| 6f 49 5f 51 6c 54 72 44 6a 54 72 79 69 64 56 42 |oI_QlTrDjTryidVB|
|00000350| 5d 64 56 5d 51 44 3d 68 5c 66 41 50 5c 44 3e 3e |]dV]QD=h\fAP\D>>|
|00000360| 75 72 57 5a 79 6f 5b 5f 51 6b 5e 3d 73 59 73 58 |urWZyo[_Qk^=sYsX|
|00000370| 6a 48 6f 54 71 58 42 49 5e 47 62 49 6b 57 56 42 |jHoTqXBI^GbIkWVB|
|00000380| 5d 64 56 42 64 51 4e 3c 57 44 46 5d 51 44 3e 3c |]dVBdQN<WDF]QD><|
|00000390| 5c 6a 59 62 73 6b 58 73 74 71 57 74 5c 59 73 59 |\jYbskXstqWt\YsY|
|000003a0| 73 47 5f 48 72 49 53 3d 5f 54 5e 75 5f 57 72 72 |sG_HrIS=_T^u_Wrr|
|000003b0| 5d 64 56 42 5d 66 41 50 5c 42 6e 3e 64 51 4e 3c |]dVB]fAP\Bn>dQN<|
|000003c0| 5c 44 47 63 55 69 77 73 49 7a 49 52 7a 44 43 59 |\DGcUiwsIzIRzDCY|
|000003d0| 73 59 6e 74 6f 49 5f 51 6c 54 72 44 6a 54 72 79 |sYntoI_QlTrDjTry|
|000003e0| 69 64 56 42 5d 64 56 5d                         |idVB]dV]        |
+--------+-------------------------------------------------+----------------+
16:28:15.729 [nioEventLoopGroup-0-1] INFO  io.netty.handler.logging.LoggingHandler - [id: 0x06837016, /192.168.0.166:64846 => /222.187.225.55:7200] RECEIVED: 58B
         +-------------------------------------------------+
         |  0  1  2  3  4  5  6  7  8  9  a  b  c  d  e  f |
+--------+-------------------------------------------------+----------------+
|00000000| 2a 51 44 3d 68 5c 66 41 76 64 51 46 5d 50 66 41 |*QD=h\fAvdQF]PfA|
|00000010| 4e 64 51 46 5d 50 66 41 4e 64 51 46 5d 50 66 41 |NdQF]PfANdQF]PfA|
|00000020| 4e 64 51 46 5d 50 66 41 4e 64 51 46 5d 50 66 41 |NdQF]PfANdQF]PfA|
|00000030| 4e 64 54 4e 3c 57 44 3d 68 21                   |NdTN<WD=h!      |
+--------+-------------------------------------------------+----------------+
16:28:15.730 [nioEventLoopGroup-0-1] INFO  io.netty.handler.logging.LoggingHandler - [id: 0x06837016, /192.168.0.166:64846 => /222.187.225.55:7200] RECEIVED: 1056B
         +-------------------------------------------------+
         |  0  1  2  3  4  5  6  7  8  9  a  b  c  d  e  f |
+--------+-------------------------------------------------+----------------+
|00000000| d0 07 00 00 92 02 00 00 00 00 00 00 00 00 00 20 |............... |
|00000010| a8 58 a8 54 a8 54 a8 54 a8 54 a8 54 a8 54 a8 54 |.X.T.T.T.T.T.T.T|
|00000020| a8 54 a8 54 a8 54 a8 54 a8 54 a8 54 a8 54 a8 54 |.T.T.T.T.T.T.T.T|
|00000030| a8 5b 20 1b 20 a8 55 20 a3 b2 a3 b0 a3 b1 a3 b6 |.[ . .U ........|
|00000040| c4 ea 20 a2 da d4 c2 20 20 20 28 c1 fa bb a2 d6 |.. ....   (.....|
|00000050| c1 d7 f0 29 20 a8 55 20 1b 20 a8 64 a8 54 a8 54 |...) .U . .d.T.T|
|00000060| a8 54 a8 54 a8 54 a8 54 a8 54 a8 54 a8 54 a8 54 |.T.T.T.T.T.T.T.T|
|00000070| a8 54 a8 54 a8 54 a8 54 a8 54 a8 67 20 1b 20 a8 |.T.T.T.T.T.g . .|
|00000080| 55 20 d6 d5 bc ab d7 b0 b1 b8 c8 ab d3 d0 b1 ac |U ..............|
|00000090| 20 20 20 20 28 b6 c0 bc d2 d6 d0 b1 e4 29 20 a8 |    (........) .|
|000000a0| 55 20 1b 20 a8 55 a9 ac a9 ac a9 ac a9 ac a9 ac |U . .U..........|
|000000b0| a9 ac a9 ac a9 ac a9 ac a9 ac a9 ac a9 ac a9 ac |................|
|000000c0| a9 ac a9 ac a8 55 20 1b 20 a8 55 a1 a1 a1 a1 a1 |.....U . .U.....|
|000000d0| a1 a1 a1 a1 a1 a1 a1 a1 a1 a1 a1 a1 a1 a1 a1 a1 |................|
|000000e0| a1 a1 a1 a1 a1 a1 a1 a1 a1 a8 55 20 1b 20 a8 55 |..........U . .U|
|000000f0| 20 20 a1 e8 a8 71 a1 d0 a8 72 a8 71 a1 d0 a8 72 |  ...q...r.q...r|
|00000100| bb b6 d3 ad b9 e2 c1 d9 20 20 20 20 a1 a1 a8 55 |........    ...U|
|00000110| 20 1b 20 a8 55 a1 a1 a1 a1 a1 a1 a1 a1 a1 a1 a1 | . .U...........|
|00000120| a1 a1 a1 a1 a1 a1 a1 a1 a1 a1 a1 a1 a1 a1 a1 a1 |................|
|00000130| a1 a1 a1 a8 55 20 1b 20 a8 55 20 20 a8 75 a8 90 |....U . .U  .u..|
|00000140| a8 80 a8 80 a8 8e a1 e8 20 20 20 20 20 20 20 20 |........        |
|00000150| 20 20 20 20 20 20 20 20 a8 55 20 1b 20 a8 55 20 |        .U . .U |
|00000160| a6 f2 cc ef a6 f2 cc ef cc ef 7c 20 a8 74 2d 2d |..........| .t--|
|00000170| 2d 2d 2d 2d 2d 2d 2d 2d 2d 2d 2d a1 a1 a8 55 20 |-----------...U |
|00000180| 1b 20 a8 55 20 a8 70 a8 70 a8 70 a8 70 a8 70 a8 |. .U .p.p.p.p.p.|
|00000190| 70 a8 70 a8 70 a8 70 a8 70 a8 70 a8 70 a8 70 20 |p.p.p.p.p.p.p.p |
|000001a0| a1 a1 a8 55 20 1b 20 a8 55 a9 ac a9 ac a9 ac a9 |...U . .U.......|
|000001b0| ac a9 ac a9 ac a9 ac a9 ac a9 ac a9 ac a9 ac a9 |................|
|000001c0| ac a9 ac a9 ac a9 ac a8 55 20 1b 20 a8 55 a1 a1 |........U . .U..|
|000001d0| a1 a1 20 20 20 20 20 be f8 b6 d4 b9 ab c6 bd b9 |..     .........|
|000001e0| ab d5 fd a1 a1 a1 a1 a1 a1 20 20 20 a8 55 20 1b |.........   .U .|
|000001f0| 20 a8 55 a1 a1 20 20 20 20 20 20 20 b3 a4 c6 da | .U..       ....|
|00000200| ce c8 b6 a8 bf aa b7 c5 a1 a1 a1 a1 a1 a1 20 20 |..............  |
|00000210| 20 a8 55 20 1b 20 a8 55 a1 a1 a1 a1 20 20 20 20 | .U . .U....    |
|00000220| 20 c9 a2 c8 cb bc a4 c7 e9 bb f0 b1 a9 a1 a1 a1 | ...............|
|00000230| a1 a1 a1 a1 a1 20 a8 55 20 1b 20 a8 55 a9 ac a9 |..... .U . .U...|
|00000240| ac a9 ac a9 ac a9 ac a9 ac a9 ac a9 ac a9 ac a9 |................|
|00000250| ac a9 ac a9 ac a9 ac a9 ac a9 ac a8 55 20 1b 20 |............U . |
|00000260| a8 55 20 20 20 b9 d9 b7 bd cd f8 d5 be 20 77 77 |.U   ........ ww|
|00000270| 77 2e 33 36 35 70 63 62 2e 63 6f 6d a1 a1 a1 a1 |w.365pcb.com....|
|00000280| a8 55 20 1b 20 a8 55 20 20 20 b9 d9 b7 bd cd f8 |.U . .U   ......|
|00000290| d5 be 20 77 77 77 2e 33 36 35 70 63 62 2e 63 6f |.. www.365pcb.co|
|000002a0| 6d a1 a1 a1 a1 a8 55 20 1b 20 a8 55 20 20 20 b9 |m.....U . .U   .|
|000002b0| d9 b7 bd cd f8 d5 be 20 77 77 77 2e 33 36 35 70 |....... www.365p|
|000002c0| 63 62 2e 63 6f 6d a1 a1 a1 a1 a8 55 20 1b 20 a8 |cb.com.....U . .|
|000002d0| 55 20 20 20 b9 d9 b7 bd cd f8 d5 be 20 77 77 77 |U   ........ www|
|000002e0| 2e 33 36 35 70 63 62 2e 63 6f 6d a1 a1 a1 a1 a8 |.365pcb.com.....|
|000002f0| 00 00 00 00 00 00 00 00 00 00 00 00 00 00 00 00 |................|
|00000300| 00 00 00 00 00 00 00 00 00 00 00 00 00 00 00 00 |................|
|00000310| 00 00 00 00 00 00 00 00 00 00 00 00 00 00 00 00 |................|
|00000320| 00 00 00 00 00 00 00 00 00 00 00 00 00 00 00 00 |................|
|00000330| 00 00 00 00 00 00 00 00 00 00 00 00 00 00 00 00 |................|
|00000340| 00 00 00 00 00 00 00 00 00 00 00 00 00 00 00 00 |................|
|00000350| 00 00 00 00 00 00 00 00 00 00 00 00 00 00 00 00 |................|
|00000360| 00 00 00 00 00 00 00 00 00 00 00 00 00 00 00 00 |................|
|00000370| 00 00 00 00 00 00 00 00 00 00 00 00 00 00 00 00 |................|
|00000380| 00 00 00 00 00 00 00 00 00 00 00 00 00 00 00 00 |................|
|00000390| 00 00 00 00 00 00 00 00 00 00 00 00 00 00 00 00 |................|
|000003a0| 00 00 00 00 00 00 00 00 00 00 00 00 00 00 00 00 |................|
|000003b0| 00 00 00 00 00 00 00 00 00 00 00 00 00 00 00 00 |................|
|000003c0| 00 00 00 00 00 00 00 00 00 00 00 00 00 00 00 00 |................|
|000003d0| 00 00 00 00 00 00 00 00 00 00 00 00 00 00 00 00 |................|
|000003e0| 00 00 00 00 00 00 00 00 00 00 00 00 00 00 00 00 |................|
|000003f0| 00 00 00 00 00 00 00 00 00 00 00 00 00 00 00 00 |................|
|00000400| 00 00 00 00 00 00 00 00 00 00 00 00 00 00 00 00 |................|
|00000410| 00 00 00 00 00 00 00 00 00 00 00 00 00 00 00 00 |................|
+--------+-------------------------------------------------+----------------+
16:28:15.732 [nioEventLoopGroup-0-1] INFO  io.netty.handler.logging.LoggingHandler - [id: 0x06837016, /192.168.0.166:64846 => /222.187.225.55:7200] RECEIVED: Packet:{"p1":0,"p2":0,"p3":0,"protocol":"SM_SENDNOTICE","recog":2000}

16:28:18.163 [nioEventLoopGroup-0-1] INFO  io.netty.handler.logging.LoggingHandler - [id: 0x06837016, /192.168.0.166:64846 => /222.187.225.55:7200] WRITE: LoginNoticeOk:{"clientType":0,"cmdIndex":5,"p1":0,"p2":0,"p3":0,"protocol":"CM_LOGINNOTICEOK","recog":0}
16:28:19.382 [nioEventLoopGroup-0-1] INFO  io.netty.handler.logging.LoggingHandler - [id: 0x06837016, /192.168.0.166:64846 => /222.187.225.55:7200] RECEIVED: 20B
         +-------------------------------------------------+
         |  0  1  2  3  4  5  6  7  8  9  a  b  c  d  e  f |
+--------+-------------------------------------------------+----------------+
|00000000| 23 44 3c 46 51 3e 3f 48 3c 3e 6c 41 4a 3c 5c 3c |#D<FQ>?H<>lAJ<\<|
|00000010| 3c 48 3c 21                                     |<H<!            |
+--------+-------------------------------------------------+----------------+
16:28:19.382 [nioEventLoopGroup-0-1] INFO  io.netty.handler.logging.LoggingHandler - [id: 0x06837016, /192.168.0.166:64846 => /222.187.225.55:7200] RECEIVED: 18B
         +-------------------------------------------------+
         |  0  1  2  3  4  5  6  7  8  9  a  b  c  d  e  f |
+--------+-------------------------------------------------+----------------+
|00000000| 20 02 95 08 33 00 0b 01 4e 00 00 00 02 00 00 30 | ...3...N......0|
|00000010| 00 00                                           |..              |
+--------+-------------------------------------------------+----------------+
16:28:19.383 [nioEventLoopGroup-0-1] INFO  io.netty.handler.logging.LoggingHandler - [id: 0x06837016, /192.168.0.166:64846 => /222.187.225.55:7200] RECEIVED: Packet:{"p1":267,"p2":78,"p3":0,"protocol":"SM_NEWMAP","recog":143983136}
16:28:19.416 [nioEventLoopGroup-0-1] INFO  io.netty.handler.logging.LoggingHandler - [id: 0x06837016, /192.168.0.166:64846 => /222.187.225.55:7200] RECEIVED: 466B
         +-------------------------------------------------+
         |  0  1  2  3  4  5  6  7  8  9  a  b  c  d  e  f |
+--------+-------------------------------------------------+----------------+
|00000000| 23 44 3c 46 51 3e 3f 44 3c 3e 6c 41 4a 3c 5c 3c |#D<FQ>?D<>lAJ<\<|
|00000010| 3c 3c 3c 3c 40 3c 3c 3c 3c 3c 3c 3c 3c 3c 3c 3c |<<<<@<<<<<<<<<<<|
|00000020| 3c 3c 3c 3c 3c 3c 3c 21 23 44 3c 46 51 3e 3e 60 |<<<<<<<!#D<FQ>>`|
|00000030| 3c 3c 3c 3c 40 3c 3c 3c 3c 4b 3f 6c 78 4b 3f 6c |<<<<@<<<<K?lxK?l|
|00000040| 78 4b 3f 6c 78 4b 3f 6c 78 4b 3f 6c 78 4b 3f 6c |xK?lxK?lxK?lxK?l|
|00000050| 78 4b 3f 6c 78 4e 73 69 77 5a 73 69 74 21 23 44 |xK?lxNsiwZsit!#D|
|00000060| 3c 46 51 3e 3e 64 3c 7b 6c 3c 3c 3c 3c 3c 3c 58 |<FQ>>d<{l<<<<<<X|
|00000070| 42 41 6a 55 72 6d 65 54 52 75 63 53 41 6d 58 21 |BAjUrmeTRucSAmX!|
|00000080| 23 3c 3c 3c 3c 3c 48 4c 3e 3c 3c 3c 3c 3c 3c 3c |#<<<<<HL><<<<<<<|
|00000090| 3c 21 23 7b 7b 7b 7b 7b 6f 54 3c 3c 3c 3c 3c 3c |<!#{{{{{oT<<<<<<|
|000000a0| 3c 3c 3c 68 58 5f 42 75 68 66 5d 21 23 3c 3c 3c |<<<hX_Buhf]!#<<<|
|000000b0| 3c 3c 3f 58 3c 3e 4c 3c 3c 3c 3c 3c 3c 71 46 66 |<<?X<>L<<<<<<qFf|
|000000c0| 6d 65 5c 72 6f 6e 57 4a 60 21 23 3c 3c 3c 3c 3c |me\ronWJ`!#<<<<<|
|000000d0| 3f 58 3c 3e 4c 3c 3c 3c 3c 3c 3c 71 46 66 6d 65 |?X<>L<<<<<<qFfme|
|000000e0| 5c 72 6f 6e 57 4a 60 21 23 3c 3c 3c 3c 3c 41 44 |\ronWJ`!#<<<<<AD|
|000000f0| 40 3c 3c 3c 3c 3c 3c 3c 3c 3c 3c 3c 3c 3c 3c 21 |@<<<<<<<<<<<<<<!|
|00000100| 23 44 3c 46 51 3e 42 4c 3c 7b 6f 5c 3c 3c 3c 40 |#D<FQ>BL<{o\<<<@|
|00000110| 3c 70 78 77 4b 69 77 3f 62 68 57 76 70 77 58 77 |<pxwKiw?bhWvpwXw|
|00000120| 6f 64 76 42 5f 64 56 4a 5d 21 23 44 3c 46 51 3e |odvB_dVJ]!#D<FQ>|
|00000130| 42 4c 3c 7b 6f 5c 3c 3c 3c 40 3c 6d 7a 6a 71 6b |BL<{o\<<<@<mzjqk|
|00000140| 58 73 74 71 57 77 45 6f 78 7b 3e 71 49 5f 53 77 |XstqWwEox{>qI_Sw|
|00000150| 69 3f 3e 68 4a 56 6d 6b 69 4b 4a 6f 77 5a 7b 6f |i?>hJVmkiKJowZ{o|
|00000160| 57 6a 63 69 68 6b 44 77 57 6f 7a 64 56 48 21 23 |WjcihkDwWozdVH!#|
|00000170| 44 3c 46 51 3e 42 4c 3c 7b 6f 5c 3c 3c 3c 40 3c |D<FQ>BL<{o\<<<@<|
|00000180| 6c 56 6e 79 70 77 42 77 6d 77 7b 4c 70 49 57 4c |lVnypwBwmw{LpIWL|
|00000190| 69 68 7a 5f 64 56 4a 5d 64 76 40 21 23 3c 3c 3c |ihz_dVJ]dv@!#<<<|
|000001a0| 3c 3c 3e 74 3c 3c 4c 3c 3c 3c 3c 3c 3c 21 23 44 |<<>t<<L<<<<<<!#D|
|000001b0| 3c 46 51 3e 44 74 3e 3c 3c 3f 70 3c 4c 3c 3c 21 |<FQ>Dt><<?p<L<<!|
|000001c0| 23 3c 3c 3c 3c 3c 41 3c 67 3c 3c 3c 3c 3c 3c 3c |#<<<<<A<g<<<<<<<|
|000001d0| 3c 21                                           |<!              |
+--------+-------------------------------------------------+----------------+
16:28:19.416 [nioEventLoopGroup-0-1] INFO  io.netty.handler.logging.LoggingHandler - [id: 0x06837016, /192.168.0.166:64846 => /222.187.225.55:7200] RECEIVED: 38B
         +-------------------------------------------------+
         |  0  1  2  3  4  5  6  7  8  9  a  b  c  d  e  f |
+--------+-------------------------------------------------+----------------+
|00000000| 20 02 95 08 32 00 0b 01 4e 00 00 00 02 00 00 00 | ...2...N.......|
|00000010| 00 04 00 00 00 00 00 00 00 00 00 00 00 00 00 00 |................|
|00000020| 00 00 00 00 00 00                               |......          |
+--------+-------------------------------------------------+----------------+
16:28:19.417 [nioEventLoopGroup-0-1] INFO  io.netty.handler.logging.LoggingHandler - [id: 0x06837016, /192.168.0.166:64846 => /222.187.225.55:7200] RECEIVED: Packet:{"p1":267,"p2":78,"p3":0,"protocol":"SM_LOGON","recog":143983136}
16:28:19.417 [nioEventLoopGroup-0-1] INFO  io.netty.handler.logging.LoggingHandler - [id: 0x06837016, /192.168.0.166:64846 => /222.187.225.55:7200] RECEIVED: 52B
         +-------------------------------------------------+
         |  0  1  2  3  4  5  6  7  8  9  a  b  c  d  e  f |
+--------+-------------------------------------------------+----------------+
|00000000| 20 02 95 08 29 00 00 00 04 00 00 00 00 00 00 3c | ...)..........<|
|00000010| 3c 3c 3c 3c 3c 3c 3c 3c 3c 3c 3c 3c 3c 3c 3c 3c |<<<<<<<<<<<<<<<<|
|00000020| 3c 3c 3c 3c 4b 7b 7b 7b 7b 78 00 00 00 00 00 00 |<<<<K{{{{x......|
|00000030| 00 00 00 00                                     |....            |
+--------+-------------------------------------------------+----------------+
16:28:19.418 [nioEventLoopGroup-0-1] INFO  io.netty.handler.logging.LoggingHandler - [id: 0x06837016, /192.168.0.166:64846 => /222.187.225.55:7200] RECEIVED: Packet:{"p1":0,"p2":4,"p3":0,"protocol":"SM_FEATURECHANGED","recog":143983136}
16:28:19.418 [nioEventLoopGroup-0-1] INFO  io.netty.handler.logging.LoggingHandler - [id: 0x06837016, /192.168.0.166:64846 => /222.187.225.55:7200] RECEIVED: 32B
         +-------------------------------------------------+
         |  0  1  2  3  4  5  6  7  8  9  a  b  c  d  e  f |
+--------+-------------------------------------------------+----------------+
|00000000| 20 02 95 08 2a 00 ff 00 00 00 00 00 00 00 00 70 | ...*..........p|
|00000010| 61 6e 67 6c 69 61 6e 67 5c 5c 5c 00 00 00 00 00 |angliang\\\.....|
+--------+-------------------------------------------------+----------------+
16:28:19.418 [nioEventLoopGroup-0-1] INFO  io.netty.handler.logging.LoggingHandler - [id: 0x06837016, /192.168.0.166:64846 => /222.187.225.55:7200] RECEIVED: Packet:{"p1":255,"p2":0,"p3":0,"protocol":"SM_USERNAME","recog":143983136}
16:28:19.419 [nioEventLoopGroup-0-1] INFO  io.netty.handler.logging.LoggingHandler - [id: 0x06837016, /192.168.0.166:64846 => /222.187.225.55:7200] RECEIVED: 16B
         +-------------------------------------------------+
         |  0  1  2  3  4  5  6  7  8  9  a  b  c  d  e  f |
+--------+-------------------------------------------------+----------------+
|00000000| 00 00 00 00 c4 02 00 00 00 00 00 00 00 00 00 00 |................|
+--------+-------------------------------------------------+----------------+
16:28:19.419 [nioEventLoopGroup-0-1] WARN  io.netty.channel.DefaultChannelPipeline - An exceptionCaught() event was fired, and it reached at the tail of the pipeline. It usually means the last handler in the pipeline did not handle the exception.
io.netty.handler.codec.DecoderException: java.lang.Exception: unknow protocol id:708
	at io.netty.handler.codec.MessageToMessageDecoder.channelRead(MessageToMessageDecoder.java:99) ~[netty-all-5.0.0.Alpha2.jar:5.0.0.Alpha2]
	at io.netty.channel.ChannelHandlerInvokerUtil.invokeChannelReadNow(ChannelHandlerInvokerUtil.java:84) [netty-all-5.0.0.Alpha2.jar:5.0.0.Alpha2]
	at io.netty.channel.DefaultChannelHandlerInvoker.invokeChannelRead(DefaultChannelHandlerInvoker.java:153) [netty-all-5.0.0.Alpha2.jar:5.0.0.Alpha2]
	at io.netty.channel.PausableChannelEventExecutor.invokeChannelRead(PausableChannelEventExecutor.java:86) [netty-all-5.0.0.Alpha2.jar:5.0.0.Alpha2]
	at io.netty.channel.AbstractChannelHandlerContext.fireChannelRead(AbstractChannelHandlerContext.java:389) [netty-all-5.0.0.Alpha2.jar:5.0.0.Alpha2]
	at io.netty.handler.logging.LoggingHandler.channelRead(LoggingHandler.java:285) [netty-all-5.0.0.Alpha2.jar:5.0.0.Alpha2]
	at com.zhaoxiaodan.mirserver.network.debug.MyLoggingHandler.channelRead(MyLoggingHandler.java:27) [main/:?]
	at io.netty.channel.ChannelHandlerInvokerUtil.invokeChannelReadNow(ChannelHandlerInvokerUtil.java:84) [netty-all-5.0.0.Alpha2.jar:5.0.0.Alpha2]
	at io.netty.channel.DefaultChannelHandlerInvoker.invokeChannelRead(DefaultChannelHandlerInvoker.java:153) [netty-all-5.0.0.Alpha2.jar:5.0.0.Alpha2]
	at io.netty.channel.PausableChannelEventExecutor.invokeChannelRead(PausableChannelEventExecutor.java:86) [netty-all-5.0.0.Alpha2.jar:5.0.0.Alpha2]
	at io.netty.channel.AbstractChannelHandlerContext.fireChannelRead(AbstractChannelHandlerContext.java:389) [netty-all-5.0.0.Alpha2.jar:5.0.0.Alpha2]
	at io.netty.handler.codec.MessageToMessageDecoder.channelRead(MessageToMessageDecoder.java:103) [netty-all-5.0.0.Alpha2.jar:5.0.0.Alpha2]
	at io.netty.channel.ChannelHandlerInvokerUtil.invokeChannelReadNow(ChannelHandlerInvokerUtil.java:84) [netty-all-5.0.0.Alpha2.jar:5.0.0.Alpha2]
	at io.netty.channel.DefaultChannelHandlerInvoker.invokeChannelRead(DefaultChannelHandlerInvoker.java:153) [netty-all-5.0.0.Alpha2.jar:5.0.0.Alpha2]
	at io.netty.channel.PausableChannelEventExecutor.invokeChannelRead(PausableChannelEventExecutor.java:86) [netty-all-5.0.0.Alpha2.jar:5.0.0.Alpha2]
	at io.netty.channel.AbstractChannelHandlerContext.fireChannelRead(AbstractChannelHandlerContext.java:389) [netty-all-5.0.0.Alpha2.jar:5.0.0.Alpha2]
	at io.netty.handler.codec.ByteToMessageDecoder.channelRead(ByteToMessageDecoder.java:243) [netty-all-5.0.0.Alpha2.jar:5.0.0.Alpha2]
	at io.netty.channel.ChannelHandlerInvokerUtil.invokeChannelReadNow(ChannelHandlerInvokerUtil.java:84) [netty-all-5.0.0.Alpha2.jar:5.0.0.Alpha2]
	at io.netty.channel.DefaultChannelHandlerInvoker.invokeChannelRead(DefaultChannelHandlerInvoker.java:153) [netty-all-5.0.0.Alpha2.jar:5.0.0.Alpha2]
	at io.netty.channel.PausableChannelEventExecutor.invokeChannelRead(PausableChannelEventExecutor.java:86) [netty-all-5.0.0.Alpha2.jar:5.0.0.Alpha2]
	at io.netty.channel.AbstractChannelHandlerContext.fireChannelRead(AbstractChannelHandlerContext.java:389) [netty-all-5.0.0.Alpha2.jar:5.0.0.Alpha2]
	at io.netty.handler.logging.LoggingHandler.channelRead(LoggingHandler.java:285) [netty-all-5.0.0.Alpha2.jar:5.0.0.Alpha2]
	at com.zhaoxiaodan.mirserver.network.debug.MyLoggingHandler.channelRead(MyLoggingHandler.java:27) [main/:?]
	at io.netty.channel.ChannelHandlerInvokerUtil.invokeChannelReadNow(ChannelHandlerInvokerUtil.java:84) [netty-all-5.0.0.Alpha2.jar:5.0.0.Alpha2]
	at io.netty.channel.DefaultChannelHandlerInvoker.invokeChannelRead(DefaultChannelHandlerInvoker.java:153) [netty-all-5.0.0.Alpha2.jar:5.0.0.Alpha2]
	at io.netty.channel.PausableChannelEventExecutor.invokeChannelRead(PausableChannelEventExecutor.java:86) [netty-all-5.0.0.Alpha2.jar:5.0.0.Alpha2]
	at io.netty.channel.AbstractChannelHandlerContext.fireChannelRead(AbstractChannelHandlerContext.java:389) [netty-all-5.0.0.Alpha2.jar:5.0.0.Alpha2]
	at io.netty.channel.DefaultChannelPipeline.fireChannelRead(DefaultChannelPipeline.java:956) [netty-all-5.0.0.Alpha2.jar:5.0.0.Alpha2]
	at io.netty.channel.nio.AbstractNioByteChannel$NioByteUnsafe.read(AbstractNioByteChannel.java:127) [netty-all-5.0.0.Alpha2.jar:5.0.0.Alpha2]
	at io.netty.channel.nio.NioEventLoop.processSelectedKey(NioEventLoop.java:514) [netty-all-5.0.0.Alpha2.jar:5.0.0.Alpha2]
	at io.netty.channel.nio.NioEventLoop.processSelectedKeysOptimized(NioEventLoop.java:471) [netty-all-5.0.0.Alpha2.jar:5.0.0.Alpha2]
	at io.netty.channel.nio.NioEventLoop.processSelectedKeys(NioEventLoop.java:385) [netty-all-5.0.0.Alpha2.jar:5.0.0.Alpha2]
	at io.netty.channel.nio.NioEventLoop.run(NioEventLoop.java:351) [netty-all-5.0.0.Alpha2.jar:5.0.0.Alpha2]
	at io.netty.util.concurrent.SingleThreadEventExecutor$2.run(SingleThreadEventExecutor.java:116) [netty-all-5.0.0.Alpha2.jar:5.0.0.Alpha2]
	at io.netty.util.internal.chmv8.ForkJoinTask$RunnableExecuteAction.exec(ForkJoinTask.java:1412) [netty-all-5.0.0.Alpha2.jar:5.0.0.Alpha2]
	at io.netty.util.internal.chmv8.ForkJoinTask.doExec(ForkJoinTask.java:280) [netty-all-5.0.0.Alpha2.jar:5.0.0.Alpha2]
	at io.netty.util.internal.chmv8.ForkJoinPool$WorkQueue.runTask(ForkJoinPool.java:877) [netty-all-5.0.0.Alpha2.jar:5.0.0.Alpha2]
	at io.netty.util.internal.chmv8.ForkJoinPool.scan(ForkJoinPool.java:1706) [netty-all-5.0.0.Alpha2.jar:5.0.0.Alpha2]
	at io.netty.util.internal.chmv8.ForkJoinPool.runWorker(ForkJoinPool.java:1661) [netty-all-5.0.0.Alpha2.jar:5.0.0.Alpha2]
	at io.netty.util.internal.chmv8.ForkJoinWorkerThread.run(ForkJoinWorkerThread.java:126) [netty-all-5.0.0.Alpha2.jar:5.0.0.Alpha2]
Caused by: java.lang.Exception: unknow protocol id:708
	at com.zhaoxiaodan.mirserver.network.decoder.PacketDecoder.decodePacket(PacketDecoder.java:34) ~[main/:?]
	at com.zhaoxiaodan.mirserver.network.decoder.PacketDecoder.decode(PacketDecoder.java:27) ~[main/:?]
	at com.zhaoxiaodan.mirserver.network.decoder.PacketDecoder.decode(PacketDecoder.java:12) ~[main/:?]
	at io.netty.handler.codec.MessageToMessageDecoder.channelRead(MessageToMessageDecoder.java:89) ~[netty-all-5.0.0.Alpha2.jar:5.0.0.Alpha2]
	... 39 more
16:28:19.424 [nioEventLoopGroup-0-1] INFO  io.netty.handler.logging.LoggingHandler - [id: 0x06837016, /192.168.0.166:64846 => /222.187.225.55:7200] RECEIVED: 24B
         +-------------------------------------------------+
         |  0  1  2  3  4  5  6  7  8  9  a  b  c  d  e  f |
+--------+-------------------------------------------------+----------------+
|00000000| ff ff ff ff 36 00 00 00 00 00 00 00 00 00 00 b1 |....6...........|
|00000010| c8 c6 e6 ca a1 00 00 00                         |........        |
+--------+-------------------------------------------------+----------------+
16:28:19.425 [nioEventLoopGroup-0-1] INFO  io.netty.handler.logging.LoggingHandler - [id: 0x06837016, /192.168.0.166:64846 => /222.187.225.55:7200] RECEIVED: Packet:{"p1":0,"p2":0,"p3":0,"protocol":"SM_MAPDESCRIPTION","recog":-1}
16:28:19.425 [nioEventLoopGroup-0-1] INFO  io.netty.handler.logging.LoggingHandler - [id: 0x06837016, /192.168.0.166:64846 => /222.187.225.55:7200] RECEIVED: 28B
         +-------------------------------------------------+
         |  0  1  2  3  4  5  6  7  8  9  a  b  c  d  e  f |
+--------+-------------------------------------------------+----------------+
|00000000| 00 00 00 00 37 00 09 00 00 00 00 00 00 00 00 d4 |....7...........|
|00000010| aa b1 a6 0d b3 c9 b3 a4 00 00 00 00             |............    |
+--------+-------------------------------------------------+----------------+
16:28:19.425 [nioEventLoopGroup-0-1] WARN  io.netty.channel.DefaultChannelPipeline - An exceptionCaught() event was fired, and it reached at the tail of the pipeline. It usually means the last handler in the pipeline did not handle the exception.
io.netty.handler.codec.DecoderException: java.lang.Exception: unknow protocol id:55
	at io.netty.handler.codec.MessageToMessageDecoder.channelRead(MessageToMessageDecoder.java:99) ~[netty-all-5.0.0.Alpha2.jar:5.0.0.Alpha2]
	at io.netty.channel.ChannelHandlerInvokerUtil.invokeChannelReadNow(ChannelHandlerInvokerUtil.java:84) [netty-all-5.0.0.Alpha2.jar:5.0.0.Alpha2]
	at io.netty.channel.DefaultChannelHandlerInvoker.invokeChannelRead(DefaultChannelHandlerInvoker.java:153) [netty-all-5.0.0.Alpha2.jar:5.0.0.Alpha2]
	at io.netty.channel.PausableChannelEventExecutor.invokeChannelRead(PausableChannelEventExecutor.java:86) [netty-all-5.0.0.Alpha2.jar:5.0.0.Alpha2]
	at io.netty.channel.AbstractChannelHandlerContext.fireChannelRead(AbstractChannelHandlerContext.java:389) [netty-all-5.0.0.Alpha2.jar:5.0.0.Alpha2]
	at io.netty.handler.logging.LoggingHandler.channelRead(LoggingHandler.java:285) [netty-all-5.0.0.Alpha2.jar:5.0.0.Alpha2]
	at com.zhaoxiaodan.mirserver.network.debug.MyLoggingHandler.channelRead(MyLoggingHandler.java:27) [main/:?]
	at io.netty.channel.ChannelHandlerInvokerUtil.invokeChannelReadNow(ChannelHandlerInvokerUtil.java:84) [netty-all-5.0.0.Alpha2.jar:5.0.0.Alpha2]
	at io.netty.channel.DefaultChannelHandlerInvoker.invokeChannelRead(DefaultChannelHandlerInvoker.java:153) [netty-all-5.0.0.Alpha2.jar:5.0.0.Alpha2]
	at io.netty.channel.PausableChannelEventExecutor.invokeChannelRead(PausableChannelEventExecutor.java:86) [netty-all-5.0.0.Alpha2.jar:5.0.0.Alpha2]
	at io.netty.channel.AbstractChannelHandlerContext.fireChannelRead(AbstractChannelHandlerContext.java:389) [netty-all-5.0.0.Alpha2.jar:5.0.0.Alpha2]
	at io.netty.handler.codec.MessageToMessageDecoder.channelRead(MessageToMessageDecoder.java:103) [netty-all-5.0.0.Alpha2.jar:5.0.0.Alpha2]
	at io.netty.channel.ChannelHandlerInvokerUtil.invokeChannelReadNow(ChannelHandlerInvokerUtil.java:84) [netty-all-5.0.0.Alpha2.jar:5.0.0.Alpha2]
	at io.netty.channel.DefaultChannelHandlerInvoker.invokeChannelRead(DefaultChannelHandlerInvoker.java:153) [netty-all-5.0.0.Alpha2.jar:5.0.0.Alpha2]
	at io.netty.channel.PausableChannelEventExecutor.invokeChannelRead(PausableChannelEventExecutor.java:86) [netty-all-5.0.0.Alpha2.jar:5.0.0.Alpha2]
	at io.netty.channel.AbstractChannelHandlerContext.fireChannelRead(AbstractChannelHandlerContext.java:389) [netty-all-5.0.0.Alpha2.jar:5.0.0.Alpha2]
	at io.netty.handler.codec.ByteToMessageDecoder.channelRead(ByteToMessageDecoder.java:243) [netty-all-5.0.0.Alpha2.jar:5.0.0.Alpha2]
	at io.netty.channel.ChannelHandlerInvokerUtil.invokeChannelReadNow(ChannelHandlerInvokerUtil.java:84) [netty-all-5.0.0.Alpha2.jar:5.0.0.Alpha2]
	at io.netty.channel.DefaultChannelHandlerInvoker.invokeChannelRead(DefaultChannelHandlerInvoker.java:153) [netty-all-5.0.0.Alpha2.jar:5.0.0.Alpha2]
	at io.netty.channel.PausableChannelEventExecutor.invokeChannelRead(PausableChannelEventExecutor.java:86) [netty-all-5.0.0.Alpha2.jar:5.0.0.Alpha2]
	at io.netty.channel.AbstractChannelHandlerContext.fireChannelRead(AbstractChannelHandlerContext.java:389) [netty-all-5.0.0.Alpha2.jar:5.0.0.Alpha2]
	at io.netty.handler.logging.LoggingHandler.channelRead(LoggingHandler.java:285) [netty-all-5.0.0.Alpha2.jar:5.0.0.Alpha2]
	at com.zhaoxiaodan.mirserver.network.debug.MyLoggingHandler.channelRead(MyLoggingHandler.java:27) [main/:?]
	at io.netty.channel.ChannelHandlerInvokerUtil.invokeChannelReadNow(ChannelHandlerInvokerUtil.java:84) [netty-all-5.0.0.Alpha2.jar:5.0.0.Alpha2]
	at io.netty.channel.DefaultChannelHandlerInvoker.invokeChannelRead(DefaultChannelHandlerInvoker.java:153) [netty-all-5.0.0.Alpha2.jar:5.0.0.Alpha2]
	at io.netty.channel.PausableChannelEventExecutor.invokeChannelRead(PausableChannelEventExecutor.java:86) [netty-all-5.0.0.Alpha2.jar:5.0.0.Alpha2]
	at io.netty.channel.AbstractChannelHandlerContext.fireChannelRead(AbstractChannelHandlerContext.java:389) [netty-all-5.0.0.Alpha2.jar:5.0.0.Alpha2]
	at io.netty.channel.DefaultChannelPipeline.fireChannelRead(DefaultChannelPipeline.java:956) [netty-all-5.0.0.Alpha2.jar:5.0.0.Alpha2]
	at io.netty.channel.nio.AbstractNioByteChannel$NioByteUnsafe.read(AbstractNioByteChannel.java:127) [netty-all-5.0.0.Alpha2.jar:5.0.0.Alpha2]
	at io.netty.channel.nio.NioEventLoop.processSelectedKey(NioEventLoop.java:514) [netty-all-5.0.0.Alpha2.jar:5.0.0.Alpha2]
	at io.netty.channel.nio.NioEventLoop.processSelectedKeysOptimized(NioEventLoop.java:471) [netty-all-5.0.0.Alpha2.jar:5.0.0.Alpha2]
	at io.netty.channel.nio.NioEventLoop.processSelectedKeys(NioEventLoop.java:385) [netty-all-5.0.0.Alpha2.jar:5.0.0.Alpha2]
	at io.netty.channel.nio.NioEventLoop.run(NioEventLoop.java:351) [netty-all-5.0.0.Alpha2.jar:5.0.0.Alpha2]
	at io.netty.util.concurrent.SingleThreadEventExecutor$2.run(SingleThreadEventExecutor.java:116) [netty-all-5.0.0.Alpha2.jar:5.0.0.Alpha2]
	at io.netty.util.internal.chmv8.ForkJoinTask$RunnableExecuteAction.exec(ForkJoinTask.java:1412) [netty-all-5.0.0.Alpha2.jar:5.0.0.Alpha2]
	at io.netty.util.internal.chmv8.ForkJoinTask.doExec(ForkJoinTask.java:280) [netty-all-5.0.0.Alpha2.jar:5.0.0.Alpha2]
	at io.netty.util.internal.chmv8.ForkJoinPool$WorkQueue.runTask(ForkJoinPool.java:877) [netty-all-5.0.0.Alpha2.jar:5.0.0.Alpha2]
	at io.netty.util.internal.chmv8.ForkJoinPool.scan(ForkJoinPool.java:1706) [netty-all-5.0.0.Alpha2.jar:5.0.0.Alpha2]
	at io.netty.util.internal.chmv8.ForkJoinPool.runWorker(ForkJoinPool.java:1661) [netty-all-5.0.0.Alpha2.jar:5.0.0.Alpha2]
	at io.netty.util.internal.chmv8.ForkJoinWorkerThread.run(ForkJoinWorkerThread.java:126) [netty-all-5.0.0.Alpha2.jar:5.0.0.Alpha2]
Caused by: java.lang.Exception: unknow protocol id:55
	at com.zhaoxiaodan.mirserver.network.decoder.PacketDecoder.decodePacket(PacketDecoder.java:34) ~[main/:?]
	at com.zhaoxiaodan.mirserver.network.decoder.PacketDecoder.decode(PacketDecoder.java:27) ~[main/:?]
	at com.zhaoxiaodan.mirserver.network.decoder.PacketDecoder.decode(PacketDecoder.java:12) ~[main/:?]
	at io.netty.handler.codec.MessageToMessageDecoder.channelRead(MessageToMessageDecoder.java:89) ~[netty-all-5.0.0.Alpha2.jar:5.0.0.Alpha2]
	... 39 more
16:28:19.426 [nioEventLoopGroup-0-1] INFO  io.netty.handler.logging.LoggingHandler - [id: 0x06837016, /192.168.0.166:64846 => /222.187.225.55:7200] RECEIVED: 28B
         +-------------------------------------------------+
         |  0  1  2  3  4  5  6  7  8  9  a  b  c  d  e  f |
+--------+-------------------------------------------------+----------------+
|00000000| 00 00 00 00 37 00 09 00 00 00 00 00 00 00 00 d4 |....7...........|
|00000010| aa b1 a6 0d b3 c9 b3 a4 00 00 00 00             |............    |
+--------+-------------------------------------------------+----------------+
16:28:19.427 [nioEventLoopGroup-0-1] WARN  io.netty.channel.DefaultChannelPipeline - An exceptionCaught() event was fired, and it reached at the tail of the pipeline. It usually means the last handler in the pipeline did not handle the exception.
io.netty.handler.codec.DecoderException: java.lang.Exception: unknow protocol id:55
	at io.netty.handler.codec.MessageToMessageDecoder.channelRead(MessageToMessageDecoder.java:99) ~[netty-all-5.0.0.Alpha2.jar:5.0.0.Alpha2]
	at io.netty.channel.ChannelHandlerInvokerUtil.invokeChannelReadNow(ChannelHandlerInvokerUtil.java:84) [netty-all-5.0.0.Alpha2.jar:5.0.0.Alpha2]
	at io.netty.channel.DefaultChannelHandlerInvoker.invokeChannelRead(DefaultChannelHandlerInvoker.java:153) [netty-all-5.0.0.Alpha2.jar:5.0.0.Alpha2]
	at io.netty.channel.PausableChannelEventExecutor.invokeChannelRead(PausableChannelEventExecutor.java:86) [netty-all-5.0.0.Alpha2.jar:5.0.0.Alpha2]
	at io.netty.channel.AbstractChannelHandlerContext.fireChannelRead(AbstractChannelHandlerContext.java:389) [netty-all-5.0.0.Alpha2.jar:5.0.0.Alpha2]
	at io.netty.handler.logging.LoggingHandler.channelRead(LoggingHandler.java:285) [netty-all-5.0.0.Alpha2.jar:5.0.0.Alpha2]
	at com.zhaoxiaodan.mirserver.network.debug.MyLoggingHandler.channelRead(MyLoggingHandler.java:27) [main/:?]
	at io.netty.channel.ChannelHandlerInvokerUtil.invokeChannelReadNow(ChannelHandlerInvokerUtil.java:84) [netty-all-5.0.0.Alpha2.jar:5.0.0.Alpha2]
	at io.netty.channel.DefaultChannelHandlerInvoker.invokeChannelRead(DefaultChannelHandlerInvoker.java:153) [netty-all-5.0.0.Alpha2.jar:5.0.0.Alpha2]
	at io.netty.channel.PausableChannelEventExecutor.invokeChannelRead(PausableChannelEventExecutor.java:86) [netty-all-5.0.0.Alpha2.jar:5.0.0.Alpha2]
	at io.netty.channel.AbstractChannelHandlerContext.fireChannelRead(AbstractChannelHandlerContext.java:389) [netty-all-5.0.0.Alpha2.jar:5.0.0.Alpha2]
	at io.netty.handler.codec.MessageToMessageDecoder.channelRead(MessageToMessageDecoder.java:103) [netty-all-5.0.0.Alpha2.jar:5.0.0.Alpha2]
	at io.netty.channel.ChannelHandlerInvokerUtil.invokeChannelReadNow(ChannelHandlerInvokerUtil.java:84) [netty-all-5.0.0.Alpha2.jar:5.0.0.Alpha2]
	at io.netty.channel.DefaultChannelHandlerInvoker.invokeChannelRead(DefaultChannelHandlerInvoker.java:153) [netty-all-5.0.0.Alpha2.jar:5.0.0.Alpha2]
	at io.netty.channel.PausableChannelEventExecutor.invokeChannelRead(PausableChannelEventExecutor.java:86) [netty-all-5.0.0.Alpha2.jar:5.0.0.Alpha2]
	at io.netty.channel.AbstractChannelHandlerContext.fireChannelRead(AbstractChannelHandlerContext.java:389) [netty-all-5.0.0.Alpha2.jar:5.0.0.Alpha2]
	at io.netty.handler.codec.ByteToMessageDecoder.channelRead(ByteToMessageDecoder.java:243) [netty-all-5.0.0.Alpha2.jar:5.0.0.Alpha2]
	at io.netty.channel.ChannelHandlerInvokerUtil.invokeChannelReadNow(ChannelHandlerInvokerUtil.java:84) [netty-all-5.0.0.Alpha2.jar:5.0.0.Alpha2]
	at io.netty.channel.DefaultChannelHandlerInvoker.invokeChannelRead(DefaultChannelHandlerInvoker.java:153) [netty-all-5.0.0.Alpha2.jar:5.0.0.Alpha2]
	at io.netty.channel.PausableChannelEventExecutor.invokeChannelRead(PausableChannelEventExecutor.java:86) [netty-all-5.0.0.Alpha2.jar:5.0.0.Alpha2]
	at io.netty.channel.AbstractChannelHandlerContext.fireChannelRead(AbstractChannelHandlerContext.java:389) [netty-all-5.0.0.Alpha2.jar:5.0.0.Alpha2]
	at io.netty.handler.logging.LoggingHandler.channelRead(LoggingHandler.java:285) [netty-all-5.0.0.Alpha2.jar:5.0.0.Alpha2]
	at com.zhaoxiaodan.mirserver.network.debug.MyLoggingHandler.channelRead(MyLoggingHandler.java:27) [main/:?]
	at io.netty.channel.ChannelHandlerInvokerUtil.invokeChannelReadNow(ChannelHandlerInvokerUtil.java:84) [netty-all-5.0.0.Alpha2.jar:5.0.0.Alpha2]
	at io.netty.channel.DefaultChannelHandlerInvoker.invokeChannelRead(DefaultChannelHandlerInvoker.java:153) [netty-all-5.0.0.Alpha2.jar:5.0.0.Alpha2]
	at io.netty.channel.PausableChannelEventExecutor.invokeChannelRead(PausableChannelEventExecutor.java:86) [netty-all-5.0.0.Alpha2.jar:5.0.0.Alpha2]
	at io.netty.channel.AbstractChannelHandlerContext.fireChannelRead(AbstractChannelHandlerContext.java:389) [netty-all-5.0.0.Alpha2.jar:5.0.0.Alpha2]
	at io.netty.channel.DefaultChannelPipeline.fireChannelRead(DefaultChannelPipeline.java:956) [netty-all-5.0.0.Alpha2.jar:5.0.0.Alpha2]
	at io.netty.channel.nio.AbstractNioByteChannel$NioByteUnsafe.read(AbstractNioByteChannel.java:127) [netty-all-5.0.0.Alpha2.jar:5.0.0.Alpha2]
	at io.netty.channel.nio.NioEventLoop.processSelectedKey(NioEventLoop.java:514) [netty-all-5.0.0.Alpha2.jar:5.0.0.Alpha2]
	at io.netty.channel.nio.NioEventLoop.processSelectedKeysOptimized(NioEventLoop.java:471) [netty-all-5.0.0.Alpha2.jar:5.0.0.Alpha2]
	at io.netty.channel.nio.NioEventLoop.processSelectedKeys(NioEventLoop.java:385) [netty-all-5.0.0.Alpha2.jar:5.0.0.Alpha2]
	at io.netty.channel.nio.NioEventLoop.run(NioEventLoop.java:351) [netty-all-5.0.0.Alpha2.jar:5.0.0.Alpha2]
	at io.netty.util.concurrent.SingleThreadEventExecutor$2.run(SingleThreadEventExecutor.java:116) [netty-all-5.0.0.Alpha2.jar:5.0.0.Alpha2]
	at io.netty.util.internal.chmv8.ForkJoinTask$RunnableExecuteAction.exec(ForkJoinTask.java:1412) [netty-all-5.0.0.Alpha2.jar:5.0.0.Alpha2]
	at io.netty.util.internal.chmv8.ForkJoinTask.doExec(ForkJoinTask.java:280) [netty-all-5.0.0.Alpha2.jar:5.0.0.Alpha2]
	at io.netty.util.internal.chmv8.ForkJoinPool$WorkQueue.runTask(ForkJoinPool.java:877) [netty-all-5.0.0.Alpha2.jar:5.0.0.Alpha2]
	at io.netty.util.internal.chmv8.ForkJoinPool.scan(ForkJoinPool.java:1706) [netty-all-5.0.0.Alpha2.jar:5.0.0.Alpha2]
	at io.netty.util.internal.chmv8.ForkJoinPool.runWorker(ForkJoinPool.java:1661) [netty-all-5.0.0.Alpha2.jar:5.0.0.Alpha2]
	at io.netty.util.internal.chmv8.ForkJoinWorkerThread.run(ForkJoinWorkerThread.java:126) [netty-all-5.0.0.Alpha2.jar:5.0.0.Alpha2]
Caused by: java.lang.Exception: unknow protocol id:55
	at com.zhaoxiaodan.mirserver.network.decoder.PacketDecoder.decodePacket(PacketDecoder.java:34) ~[main/:?]
	at com.zhaoxiaodan.mirserver.network.decoder.PacketDecoder.decode(PacketDecoder.java:27) ~[main/:?]
	at com.zhaoxiaodan.mirserver.network.decoder.PacketDecoder.decode(PacketDecoder.java:12) ~[main/:?]
	at io.netty.handler.codec.MessageToMessageDecoder.channelRead(MessageToMessageDecoder.java:89) ~[netty-all-5.0.0.Alpha2.jar:5.0.0.Alpha2]
	... 39 more
16:28:19.427 [nioEventLoopGroup-0-1] INFO  io.netty.handler.logging.LoggingHandler - [id: 0x06837016, /192.168.0.166:64846 => /222.187.225.55:7200] RECEIVED: 22B
         +-------------------------------------------------+
         |  0  1  2  3  4  5  6  7  8  9  a  b  c  d  e  f |
+--------+-------------------------------------------------+----------------+
|00000000| 00 00 00 00 52 04 00 00 00 00 00 00 00 00 00 00 |....R...........|
|00000010| 00 00 00 00 00 00                               |......          |
+--------+-------------------------------------------------+----------------+
16:28:19.428 [nioEventLoopGroup-0-1] WARN  io.netty.channel.DefaultChannelPipeline - An exceptionCaught() event was fired, and it reached at the tail of the pipeline. It usually means the last handler in the pipeline did not handle the exception.
io.netty.handler.codec.DecoderException: java.lang.Exception: unknow protocol id:1106
	at io.netty.handler.codec.MessageToMessageDecoder.channelRead(MessageToMessageDecoder.java:99) ~[netty-all-5.0.0.Alpha2.jar:5.0.0.Alpha2]
	at io.netty.channel.ChannelHandlerInvokerUtil.invokeChannelReadNow(ChannelHandlerInvokerUtil.java:84) [netty-all-5.0.0.Alpha2.jar:5.0.0.Alpha2]
	at io.netty.channel.DefaultChannelHandlerInvoker.invokeChannelRead(DefaultChannelHandlerInvoker.java:153) [netty-all-5.0.0.Alpha2.jar:5.0.0.Alpha2]
	at io.netty.channel.PausableChannelEventExecutor.invokeChannelRead(PausableChannelEventExecutor.java:86) [netty-all-5.0.0.Alpha2.jar:5.0.0.Alpha2]
	at io.netty.channel.AbstractChannelHandlerContext.fireChannelRead(AbstractChannelHandlerContext.java:389) [netty-all-5.0.0.Alpha2.jar:5.0.0.Alpha2]
	at io.netty.handler.logging.LoggingHandler.channelRead(LoggingHandler.java:285) [netty-all-5.0.0.Alpha2.jar:5.0.0.Alpha2]
	at com.zhaoxiaodan.mirserver.network.debug.MyLoggingHandler.channelRead(MyLoggingHandler.java:27) [main/:?]
	at io.netty.channel.ChannelHandlerInvokerUtil.invokeChannelReadNow(ChannelHandlerInvokerUtil.java:84) [netty-all-5.0.0.Alpha2.jar:5.0.0.Alpha2]
	at io.netty.channel.DefaultChannelHandlerInvoker.invokeChannelRead(DefaultChannelHandlerInvoker.java:153) [netty-all-5.0.0.Alpha2.jar:5.0.0.Alpha2]
	at io.netty.channel.PausableChannelEventExecutor.invokeChannelRead(PausableChannelEventExecutor.java:86) [netty-all-5.0.0.Alpha2.jar:5.0.0.Alpha2]
	at io.netty.channel.AbstractChannelHandlerContext.fireChannelRead(AbstractChannelHandlerContext.java:389) [netty-all-5.0.0.Alpha2.jar:5.0.0.Alpha2]
	at io.netty.handler.codec.MessageToMessageDecoder.channelRead(MessageToMessageDecoder.java:103) [netty-all-5.0.0.Alpha2.jar:5.0.0.Alpha2]
	at io.netty.channel.ChannelHandlerInvokerUtil.invokeChannelReadNow(ChannelHandlerInvokerUtil.java:84) [netty-all-5.0.0.Alpha2.jar:5.0.0.Alpha2]
	at io.netty.channel.DefaultChannelHandlerInvoker.invokeChannelRead(DefaultChannelHandlerInvoker.java:153) [netty-all-5.0.0.Alpha2.jar:5.0.0.Alpha2]
	at io.netty.channel.PausableChannelEventExecutor.invokeChannelRead(PausableChannelEventExecutor.java:86) [netty-all-5.0.0.Alpha2.jar:5.0.0.Alpha2]
	at io.netty.channel.AbstractChannelHandlerContext.fireChannelRead(AbstractChannelHandlerContext.java:389) [netty-all-5.0.0.Alpha2.jar:5.0.0.Alpha2]
	at io.netty.handler.codec.ByteToMessageDecoder.channelRead(ByteToMessageDecoder.java:243) [netty-all-5.0.0.Alpha2.jar:5.0.0.Alpha2]
	at io.netty.channel.ChannelHandlerInvokerUtil.invokeChannelReadNow(ChannelHandlerInvokerUtil.java:84) [netty-all-5.0.0.Alpha2.jar:5.0.0.Alpha2]
	at io.netty.channel.DefaultChannelHandlerInvoker.invokeChannelRead(DefaultChannelHandlerInvoker.java:153) [netty-all-5.0.0.Alpha2.jar:5.0.0.Alpha2]
	at io.netty.channel.PausableChannelEventExecutor.invokeChannelRead(PausableChannelEventExecutor.java:86) [netty-all-5.0.0.Alpha2.jar:5.0.0.Alpha2]
	at io.netty.channel.AbstractChannelHandlerContext.fireChannelRead(AbstractChannelHandlerContext.java:389) [netty-all-5.0.0.Alpha2.jar:5.0.0.Alpha2]
	at io.netty.handler.logging.LoggingHandler.channelRead(LoggingHandler.java:285) [netty-all-5.0.0.Alpha2.jar:5.0.0.Alpha2]
	at com.zhaoxiaodan.mirserver.network.debug.MyLoggingHandler.channelRead(MyLoggingHandler.java:27) [main/:?]
	at io.netty.channel.ChannelHandlerInvokerUtil.invokeChannelReadNow(ChannelHandlerInvokerUtil.java:84) [netty-all-5.0.0.Alpha2.jar:5.0.0.Alpha2]
	at io.netty.channel.DefaultChannelHandlerInvoker.invokeChannelRead(DefaultChannelHandlerInvoker.java:153) [netty-all-5.0.0.Alpha2.jar:5.0.0.Alpha2]
	at io.netty.channel.PausableChannelEventExecutor.invokeChannelRead(PausableChannelEventExecutor.java:86) [netty-all-5.0.0.Alpha2.jar:5.0.0.Alpha2]
	at io.netty.channel.AbstractChannelHandlerContext.fireChannelRead(AbstractChannelHandlerContext.java:389) [netty-all-5.0.0.Alpha2.jar:5.0.0.Alpha2]
	at io.netty.channel.DefaultChannelPipeline.fireChannelRead(DefaultChannelPipeline.java:956) [netty-all-5.0.0.Alpha2.jar:5.0.0.Alpha2]
	at io.netty.channel.nio.AbstractNioByteChannel$NioByteUnsafe.read(AbstractNioByteChannel.java:127) [netty-all-5.0.0.Alpha2.jar:5.0.0.Alpha2]
	at io.netty.channel.nio.NioEventLoop.processSelectedKey(NioEventLoop.java:514) [netty-all-5.0.0.Alpha2.jar:5.0.0.Alpha2]
	at io.netty.channel.nio.NioEventLoop.processSelectedKeysOptimized(NioEventLoop.java:471) [netty-all-5.0.0.Alpha2.jar:5.0.0.Alpha2]
	at io.netty.channel.nio.NioEventLoop.processSelectedKeys(NioEventLoop.java:385) [netty-all-5.0.0.Alpha2.jar:5.0.0.Alpha2]
	at io.netty.channel.nio.NioEventLoop.run(NioEventLoop.java:351) [netty-all-5.0.0.Alpha2.jar:5.0.0.Alpha2]
	at io.netty.util.concurrent.SingleThreadEventExecutor$2.run(SingleThreadEventExecutor.java:116) [netty-all-5.0.0.Alpha2.jar:5.0.0.Alpha2]
	at io.netty.util.internal.chmv8.ForkJoinTask$RunnableExecuteAction.exec(ForkJoinTask.java:1412) [netty-all-5.0.0.Alpha2.jar:5.0.0.Alpha2]
	at io.netty.util.internal.chmv8.ForkJoinTask.doExec(ForkJoinTask.java:280) [netty-all-5.0.0.Alpha2.jar:5.0.0.Alpha2]
	at io.netty.util.internal.chmv8.ForkJoinPool$WorkQueue.runTask(ForkJoinPool.java:877) [netty-all-5.0.0.Alpha2.jar:5.0.0.Alpha2]
	at io.netty.util.internal.chmv8.ForkJoinPool.scan(ForkJoinPool.java:1706) [netty-all-5.0.0.Alpha2.jar:5.0.0.Alpha2]
	at io.netty.util.internal.chmv8.ForkJoinPool.runWorker(ForkJoinPool.java:1661) [netty-all-5.0.0.Alpha2.jar:5.0.0.Alpha2]
	at io.netty.util.internal.chmv8.ForkJoinWorkerThread.run(ForkJoinWorkerThread.java:126) [netty-all-5.0.0.Alpha2.jar:5.0.0.Alpha2]
Caused by: java.lang.Exception: unknow protocol id:1106
	at com.zhaoxiaodan.mirserver.network.decoder.PacketDecoder.decodePacket(PacketDecoder.java:34) ~[main/:?]
	at com.zhaoxiaodan.mirserver.network.decoder.PacketDecoder.decode(PacketDecoder.java:27) ~[main/:?]
	at com.zhaoxiaodan.mirserver.network.decoder.PacketDecoder.decode(PacketDecoder.java:12) ~[main/:?]
	at io.netty.handler.codec.MessageToMessageDecoder.channelRead(MessageToMessageDecoder.java:89) ~[netty-all-5.0.0.Alpha2.jar:5.0.0.Alpha2]
	... 39 more
16:28:19.428 [nioEventLoopGroup-0-1] INFO  io.netty.handler.logging.LoggingHandler - [id: 0x06837016, /192.168.0.166:64846 => /222.187.225.55:7200] RECEIVED: 40B
         +-------------------------------------------------+
         |  0  1  2  3  4  5  6  7  8  9  a  b  c  d  e  f |
+--------+-------------------------------------------------+----------------+
|00000000| 20 02 95 08 64 00 ff 38 00 00 00 00 00 01 00 d3 | ...d..8........|
|00000010| ce cf b7 b0 e6 b1 be b4 ed ce f3 a3 a1 a3 a1 a3 |................|
|00000020| a1 00 00 00 00 00 00 00                         |........        |
+--------+-------------------------------------------------+----------------+
16:28:19.429 [nioEventLoopGroup-0-1] INFO  io.netty.handler.logging.LoggingHandler - [id: 0x06837016, /192.168.0.166:64846 => /222.187.225.55:7200] RECEIVED: Packet:{"p1":14591,"p2":0,"p3":0,"protocol":"CM_QUERYCHR","recog":143983136}
16:28:19.429 [nioEventLoopGroup-0-1] INFO  io.netty.handler.logging.LoggingHandler - [id: 0x06837016, /192.168.0.166:64846 => /222.187.225.55:7200] RECEIVED: 67B
         +-------------------------------------------------+
         |  0  1  2  3  4  5  6  7  8  9  a  b  c  d  e  f |
+--------+-------------------------------------------------+----------------+
|00000000| 20 02 95 08 64 00 ff 38 00 00 00 00 00 01 00 c7 | ...d..8........|
|00000010| eb b5 bd cd f8 d5 be c9 cf cf c2 d4 d8 d7 ee d0 |................|
|00000020| c2 b0 e6 b1 be d3 ce cf b7 bf cd bb a7 b6 cb c8 |................|
|00000030| ed bc fe a1 a3 00 00 00 00 00 00 00 00 00 00 00 |................|
|00000040| 00 00 00                                        |...             |
+--------+-------------------------------------------------+----------------+
16:28:19.430 [nioEventLoopGroup-0-1] INFO  io.netty.handler.logging.LoggingHandler - [id: 0x06837016, /192.168.0.166:64846 => /222.187.225.55:7200] RECEIVED: Packet:{"p1":14591,"p2":0,"p3":0,"protocol":"CM_QUERYCHR","recog":143983136}
16:28:19.430 [nioEventLoopGroup-0-1] INFO  io.netty.handler.logging.LoggingHandler - [id: 0x06837016, /192.168.0.166:64846 => /222.187.225.55:7200] RECEIVED: 43B
         +-------------------------------------------------+
         |  0  1  2  3  4  5  6  7  8  9  a  b  c  d  e  f |
+--------+-------------------------------------------------+----------------+
|00000000| 20 02 95 08 64 00 ff 38 00 00 00 00 00 01 00 c1 | ...d..8........|
|00000010| ac bd d3 b1 bb c7 bf d0 d0 d6 d0 b6 cf a3 a1 a3 |................|
|00000020| a1 a3 a1 00 00 00 00 00 00 00 00                |...........     |
+--------+-------------------------------------------------+----------------+
16:28:19.430 [nioEventLoopGroup-0-1] INFO  io.netty.handler.logging.LoggingHandler - [id: 0x06837016, /192.168.0.166:64846 => /222.187.225.55:7200] RECEIVED: Packet:{"p1":14591,"p2":0,"p3":0,"protocol":"CM_QUERYCHR","recog":143983136}
16:28:19.430 [nioEventLoopGroup-0-1] INFO  io.netty.handler.logging.LoggingHandler - [id: 0x06837016, /192.168.0.166:64846 => /222.187.225.55:7200] RECEIVED: 16B
         +-------------------------------------------------+
         |  0  1  2  3  4  5  6  7  8  9  a  b  c  d  e  f |
+--------+-------------------------------------------------+----------------+
|00000000| 00 00 00 00 2e 00 01 00 00 00 00 00 00 00 00 00 |................|
+--------+-------------------------------------------------+----------------+
16:28:19.431 [nioEventLoopGroup-0-1] INFO  io.netty.handler.logging.LoggingHandler - [id: 0x06837016, /192.168.0.166:64846 => /222.187.225.55:7200] RECEIVED: Packet:{"p1":1,"p2":0,"p3":0,"protocol":"SM_DAYCHANGING","recog":0}
16:28:19.431 [nioEventLoopGroup-0-1] INFO  io.netty.handler.logging.LoggingHandler - [id: 0x06837016, /192.168.0.166:64846 => /222.187.225.55:7200] RECEIVED: 16B
         +-------------------------------------------------+
         |  0  1  2  3  4  5  6  7  8  9  a  b  c  d  e  f |
+--------+-------------------------------------------------+----------------+
|00000000| 20 02 95 08 8e 02 00 00 f4 00 00 00 01 00 00 00 | ...............|
+--------+-------------------------------------------------+----------------+
16:28:19.431 [nioEventLoopGroup-0-1] INFO  io.netty.handler.logging.LoggingHandler - [id: 0x06837016, /192.168.0.166:64846 => /222.187.225.55:7200] RECEIVED: Packet:{"p1":0,"p2":244,"p3":0,"protocol":"SM_CHANGELIGHT","recog":143983136}
16:28:19.431 [nioEventLoopGroup-0-1] INFO  io.netty.handler.logging.LoggingHandler - [id: 0x06837016, /192.168.0.166:64846 => /222.187.225.55:7200] RECEIVED: 16B
         +-------------------------------------------------+
         |  0  1  2  3  4  5  6  7  8  9  a  b  c  d  e  f |
+--------+-------------------------------------------------+----------------+
|00000000| 00 00 00 00 50 2b 00 00 00 00 00 00 00 00 00 00 |....P+..........|
+--------+-------------------------------------------------+----------------+
16:28:19.431 [nioEventLoopGroup-0-1] WARN  io.netty.channel.DefaultChannelPipeline - An exceptionCaught() event was fired, and it reached at the tail of the pipeline. It usually means the last handler in the pipeline did not handle the exception.
io.netty.handler.codec.DecoderException: java.lang.Exception: unknow protocol id:11088
	at io.netty.handler.codec.MessageToMessageDecoder.channelRead(MessageToMessageDecoder.java:99) ~[netty-all-5.0.0.Alpha2.jar:5.0.0.Alpha2]
	at io.netty.channel.ChannelHandlerInvokerUtil.invokeChannelReadNow(ChannelHandlerInvokerUtil.java:84) [netty-all-5.0.0.Alpha2.jar:5.0.0.Alpha2]
	at io.netty.channel.DefaultChannelHandlerInvoker.invokeChannelRead(DefaultChannelHandlerInvoker.java:153) [netty-all-5.0.0.Alpha2.jar:5.0.0.Alpha2]
	at io.netty.channel.PausableChannelEventExecutor.invokeChannelRead(PausableChannelEventExecutor.java:86) [netty-all-5.0.0.Alpha2.jar:5.0.0.Alpha2]
	at io.netty.channel.AbstractChannelHandlerContext.fireChannelRead(AbstractChannelHandlerContext.java:389) [netty-all-5.0.0.Alpha2.jar:5.0.0.Alpha2]
	at io.netty.handler.logging.LoggingHandler.channelRead(LoggingHandler.java:285) [netty-all-5.0.0.Alpha2.jar:5.0.0.Alpha2]
	at com.zhaoxiaodan.mirserver.network.debug.MyLoggingHandler.channelRead(MyLoggingHandler.java:27) [main/:?]
	at io.netty.channel.ChannelHandlerInvokerUtil.invokeChannelReadNow(ChannelHandlerInvokerUtil.java:84) [netty-all-5.0.0.Alpha2.jar:5.0.0.Alpha2]
	at io.netty.channel.DefaultChannelHandlerInvoker.invokeChannelRead(DefaultChannelHandlerInvoker.java:153) [netty-all-5.0.0.Alpha2.jar:5.0.0.Alpha2]
	at io.netty.channel.PausableChannelEventExecutor.invokeChannelRead(PausableChannelEventExecutor.java:86) [netty-all-5.0.0.Alpha2.jar:5.0.0.Alpha2]
	at io.netty.channel.AbstractChannelHandlerContext.fireChannelRead(AbstractChannelHandlerContext.java:389) [netty-all-5.0.0.Alpha2.jar:5.0.0.Alpha2]
	at io.netty.handler.codec.MessageToMessageDecoder.channelRead(MessageToMessageDecoder.java:103) [netty-all-5.0.0.Alpha2.jar:5.0.0.Alpha2]
	at io.netty.channel.ChannelHandlerInvokerUtil.invokeChannelReadNow(ChannelHandlerInvokerUtil.java:84) [netty-all-5.0.0.Alpha2.jar:5.0.0.Alpha2]
	at io.netty.channel.DefaultChannelHandlerInvoker.invokeChannelRead(DefaultChannelHandlerInvoker.java:153) [netty-all-5.0.0.Alpha2.jar:5.0.0.Alpha2]
	at io.netty.channel.PausableChannelEventExecutor.invokeChannelRead(PausableChannelEventExecutor.java:86) [netty-all-5.0.0.Alpha2.jar:5.0.0.Alpha2]
	at io.netty.channel.AbstractChannelHandlerContext.fireChannelRead(AbstractChannelHandlerContext.java:389) [netty-all-5.0.0.Alpha2.jar:5.0.0.Alpha2]
	at io.netty.handler.codec.ByteToMessageDecoder.channelRead(ByteToMessageDecoder.java:243) [netty-all-5.0.0.Alpha2.jar:5.0.0.Alpha2]
	at io.netty.channel.ChannelHandlerInvokerUtil.invokeChannelReadNow(ChannelHandlerInvokerUtil.java:84) [netty-all-5.0.0.Alpha2.jar:5.0.0.Alpha2]
	at io.netty.channel.DefaultChannelHandlerInvoker.invokeChannelRead(DefaultChannelHandlerInvoker.java:153) [netty-all-5.0.0.Alpha2.jar:5.0.0.Alpha2]
	at io.netty.channel.PausableChannelEventExecutor.invokeChannelRead(PausableChannelEventExecutor.java:86) [netty-all-5.0.0.Alpha2.jar:5.0.0.Alpha2]
	at io.netty.channel.AbstractChannelHandlerContext.fireChannelRead(AbstractChannelHandlerContext.java:389) [netty-all-5.0.0.Alpha2.jar:5.0.0.Alpha2]
	at io.netty.handler.logging.LoggingHandler.channelRead(LoggingHandler.java:285) [netty-all-5.0.0.Alpha2.jar:5.0.0.Alpha2]
	at com.zhaoxiaodan.mirserver.network.debug.MyLoggingHandler.channelRead(MyLoggingHandler.java:27) [main/:?]
	at io.netty.channel.ChannelHandlerInvokerUtil.invokeChannelReadNow(ChannelHandlerInvokerUtil.java:84) [netty-all-5.0.0.Alpha2.jar:5.0.0.Alpha2]
	at io.netty.channel.DefaultChannelHandlerInvoker.invokeChannelRead(DefaultChannelHandlerInvoker.java:153) [netty-all-5.0.0.Alpha2.jar:5.0.0.Alpha2]
	at io.netty.channel.PausableChannelEventExecutor.invokeChannelRead(PausableChannelEventExecutor.java:86) [netty-all-5.0.0.Alpha2.jar:5.0.0.Alpha2]
	at io.netty.channel.AbstractChannelHandlerContext.fireChannelRead(AbstractChannelHandlerContext.java:389) [netty-all-5.0.0.Alpha2.jar:5.0.0.Alpha2]
	at io.netty.channel.DefaultChannelPipeline.fireChannelRead(DefaultChannelPipeline.java:956) [netty-all-5.0.0.Alpha2.jar:5.0.0.Alpha2]
	at io.netty.channel.nio.AbstractNioByteChannel$NioByteUnsafe.read(AbstractNioByteChannel.java:127) [netty-all-5.0.0.Alpha2.jar:5.0.0.Alpha2]
	at io.netty.channel.nio.NioEventLoop.processSelectedKey(NioEventLoop.java:514) [netty-all-5.0.0.Alpha2.jar:5.0.0.Alpha2]
	at io.netty.channel.nio.NioEventLoop.processSelectedKeysOptimized(NioEventLoop.java:471) [netty-all-5.0.0.Alpha2.jar:5.0.0.Alpha2]
	at io.netty.channel.nio.NioEventLoop.processSelectedKeys(NioEventLoop.java:385) [netty-all-5.0.0.Alpha2.jar:5.0.0.Alpha2]
	at io.netty.channel.nio.NioEventLoop.run(NioEventLoop.java:351) [netty-all-5.0.0.Alpha2.jar:5.0.0.Alpha2]
	at io.netty.util.concurrent.SingleThreadEventExecutor$2.run(SingleThreadEventExecutor.java:116) [netty-all-5.0.0.Alpha2.jar:5.0.0.Alpha2]
	at io.netty.util.internal.chmv8.ForkJoinTask$RunnableExecuteAction.exec(ForkJoinTask.java:1412) [netty-all-5.0.0.Alpha2.jar:5.0.0.Alpha2]
	at io.netty.util.internal.chmv8.ForkJoinTask.doExec(ForkJoinTask.java:280) [netty-all-5.0.0.Alpha2.jar:5.0.0.Alpha2]
	at io.netty.util.internal.chmv8.ForkJoinPool$WorkQueue.runTask(ForkJoinPool.java:877) [netty-all-5.0.0.Alpha2.jar:5.0.0.Alpha2]
	at io.netty.util.internal.chmv8.ForkJoinPool.scan(ForkJoinPool.java:1706) [netty-all-5.0.0.Alpha2.jar:5.0.0.Alpha2]
	at io.netty.util.internal.chmv8.ForkJoinPool.runWorker(ForkJoinPool.java:1661) [netty-all-5.0.0.Alpha2.jar:5.0.0.Alpha2]
	at io.netty.util.internal.chmv8.ForkJoinWorkerThread.run(ForkJoinWorkerThread.java:126) [netty-all-5.0.0.Alpha2.jar:5.0.0.Alpha2]
Caused by: java.lang.Exception: unknow protocol id:11088
	at com.zhaoxiaodan.mirserver.network.decoder.PacketDecoder.decodePacket(PacketDecoder.java:34) ~[main/:?]
	at com.zhaoxiaodan.mirserver.network.decoder.PacketDecoder.decode(PacketDecoder.java:27) ~[main/:?]
	at com.zhaoxiaodan.mirserver.network.decoder.PacketDecoder.decode(PacketDecoder.java:12) ~[main/:?]
	at io.netty.handler.codec.MessageToMessageDecoder.channelRead(MessageToMessageDecoder.java:89) ~[netty-all-5.0.0.Alpha2.jar:5.0.0.Alpha2]
	... 39 more
